<?xml version="1.0" encoding="UTF-8"?>
<testng-results ignored="0" total="74" passed="70" failed="4" skipped="0">
  <reporter-output>
  </reporter-output>
  <suite started-at="2026-05-05T00:46:15 PDT" name="Default suite" finished-at="2026-05-05T00:46:58 PDT" duration-ms="43008">
    <groups>
      <group name="cucumber">
        <method signature="AbstractTestNGCucumberTests.runScenario(io.cucumber.testng.PickleWrapper,io.cucumber.testng.FeatureWrapper)[pri:0, instance:runner.TestRunner@55b0dcab]" name="runScenario" class="io.cucumber.testng.AbstractTestNGCucumberTests"/>
      </group> <!-- cucumber -->
    </groups>
    <test started-at="2026-05-05T00:46:15 PDT" name="Default test" finished-at="2026-05-05T00:46:58 PDT" duration-ms="43008">
      <class name="runner.TestRunner">
        <test-method is-config="true" signature="setUpClass(org.testng.ITestContext)[pri:0, instance:runner.TestRunner@55b0dcab]" started-at="2026-05-05T00:46:15 PDT" name="setUpClass" finished-at="2026-05-05T00:46:15 PDT" duration-ms="614" status="PASS">
          <params>
            <param index="0">
              <value>
                <![CDATA[org.testng.TestRunner@97e9568]]>
              </value>
            </param>
          </params>
          <reporter-output>
          </reporter-output>
        </test-method> <!-- setUpClass -->
        <test-method signature="runScenario(io.cucumber.testng.PickleWrapper,io.cucumber.testng.FeatureWrapper)[pri:0, instance:runner.TestRunner@55b0dcab]" started-at="2026-05-05T00:46:15 PDT" name="runScenario" description="Runs Cucumber Scenarios" data-provider="scenarios" finished-at="2026-05-05T00:46:19 PDT" duration-ms="3475" status="PASS">
          <params>
            <param index="0">
              <value>
                <![CDATA["Verify User Sign In with No Auth"]]>
              </value>
            </param>
            <param index="1">
              <value>
                <![CDATA["Validate User Login Module"]]>
              </value>
            </param>
          </params>
          <reporter-output>
          </reporter-output>
        </test-method> <!-- runScenario -->
        <test-method signature="runScenario(io.cucumber.testng.PickleWrapper,io.cucumber.testng.FeatureWrapper)[pri:0, instance:runner.TestRunner@55b0dcab]" started-at="2026-05-05T00:46:19 PDT" name="runScenario" description="Runs Cucumber Scenarios" data-provider="scenarios" finished-at="2026-05-05T00:46:20 PDT" duration-ms="556" status="PASS">
          <params>
            <param index="0">
              <value>
                <![CDATA["Verify User Sign In with No Auth"]]>
              </value>
            </param>
            <param index="1">
              <value>
                <![CDATA["Validate User Login Module"]]>
              </value>
            </param>
          </params>
          <reporter-output>
          </reporter-output>
        </test-method> <!-- runScenario -->
        <test-method signature="runScenario(io.cucumber.testng.PickleWrapper,io.cucumber.testng.FeatureWrapper)[pri:0, instance:runner.TestRunner@55b0dcab]" started-at="2026-05-05T00:46:20 PDT" name="runScenario" description="Runs Cucumber Scenarios" data-provider="scenarios" finished-at="2026-05-05T00:46:20 PDT" duration-ms="955" status="PASS">
          <params>
            <param index="0">
              <value>
                <![CDATA["Verify User Sign In with No Auth"]]>
              </value>
            </param>
            <param index="1">
              <value>
                <![CDATA["Validate User Login Module"]]>
              </value>
            </param>
          </params>
          <reporter-output>
          </reporter-output>
        </test-method> <!-- runScenario -->
        <test-method signature="runScenario(io.cucumber.testng.PickleWrapper,io.cucumber.testng.FeatureWrapper)[pri:0, instance:runner.TestRunner@55b0dcab]" started-at="2026-05-05T00:46:20 PDT" name="runScenario" description="Runs Cucumber Scenarios" data-provider="scenarios" finished-at="2026-05-05T00:46:21 PDT" duration-ms="496" status="PASS">
          <params>
            <param index="0">
              <value>
                <![CDATA["Verify User Sign In with No Auth"]]>
              </value>
            </param>
            <param index="1">
              <value>
                <![CDATA["Validate User Login Module"]]>
              </value>
            </param>
          </params>
          <reporter-output>
          </reporter-output>
        </test-method> <!-- runScenario -->
        <test-method signature="runScenario(io.cucumber.testng.PickleWrapper,io.cucumber.testng.FeatureWrapper)[pri:0, instance:runner.TestRunner@55b0dcab]" started-at="2026-05-05T00:46:21 PDT" name="runScenario" description="Runs Cucumber Scenarios" data-provider="scenarios" finished-at="2026-05-05T00:46:21 PDT" duration-ms="481" status="PASS">
          <params>
            <param index="0">
              <value>
                <![CDATA["Verify User Sign In with No Auth"]]>
              </value>
            </param>
            <param index="1">
              <value>
                <![CDATA["Validate User Login Module"]]>
              </value>
            </param>
          </params>
          <reporter-output>
          </reporter-output>
        </test-method> <!-- runScenario -->
        <test-method signature="runScenario(io.cucumber.testng.PickleWrapper,io.cucumber.testng.FeatureWrapper)[pri:0, instance:runner.TestRunner@55b0dcab]" started-at="2026-05-05T00:46:21 PDT" name="runScenario" description="Runs Cucumber Scenarios" data-provider="scenarios" finished-at="2026-05-05T00:46:22 PDT" duration-ms="484" status="PASS">
          <params>
            <param index="0">
              <value>
                <![CDATA["Verify User Sign In with No Auth"]]>
              </value>
            </param>
            <param index="1">
              <value>
                <![CDATA["Validate User Login Module"]]>
              </value>
            </param>
          </params>
          <reporter-output>
          </reporter-output>
        </test-method> <!-- runScenario -->
        <test-method signature="runScenario(io.cucumber.testng.PickleWrapper,io.cucumber.testng.FeatureWrapper)[pri:0, instance:runner.TestRunner@55b0dcab]" started-at="2026-05-05T00:46:22 PDT" name="runScenario" description="Runs Cucumber Scenarios" data-provider="scenarios" finished-at="2026-05-05T00:46:22 PDT" duration-ms="481" status="PASS">
          <params>
            <param index="0">
              <value>
                <![CDATA["Verify User Sign In with No Auth"]]>
              </value>
            </param>
            <param index="1">
              <value>
                <![CDATA["Validate User Login Module"]]>
              </value>
            </param>
          </params>
          <reporter-output>
          </reporter-output>
        </test-method> <!-- runScenario -->
        <test-method signature="runScenario(io.cucumber.testng.PickleWrapper,io.cucumber.testng.FeatureWrapper)[pri:0, instance:runner.TestRunner@55b0dcab]" started-at="2026-05-05T00:46:22 PDT" name="runScenario" description="Runs Cucumber Scenarios" data-provider="scenarios" finished-at="2026-05-05T00:46:23 PDT" duration-ms="463" status="PASS">
          <params>
            <param index="0">
              <value>
                <![CDATA["Verify User Sign In with No Auth"]]>
              </value>
            </param>
            <param index="1">
              <value>
                <![CDATA["Validate User Login Module"]]>
              </value>
            </param>
          </params>
          <reporter-output>
          </reporter-output>
        </test-method> <!-- runScenario -->
        <test-method signature="runScenario(io.cucumber.testng.PickleWrapper,io.cucumber.testng.FeatureWrapper)[pri:0, instance:runner.TestRunner@55b0dcab]" started-at="2026-05-05T00:46:23 PDT" name="runScenario" description="Runs Cucumber Scenarios" data-provider="scenarios" finished-at="2026-05-05T00:46:24 PDT" duration-ms="664" status="PASS">
          <params>
            <param index="0">
              <value>
                <![CDATA["Verify User Sign In with No Auth"]]>
              </value>
            </param>
            <param index="1">
              <value>
                <![CDATA["Validate User Login Module"]]>
              </value>
            </param>
          </params>
          <reporter-output>
          </reporter-output>
        </test-method> <!-- runScenario -->
        <test-method signature="runScenario(io.cucumber.testng.PickleWrapper,io.cucumber.testng.FeatureWrapper)[pri:0, instance:runner.TestRunner@55b0dcab]" started-at="2026-05-05T00:46:24 PDT" name="runScenario" description="Runs Cucumber Scenarios" data-provider="scenarios" finished-at="2026-05-05T00:46:24 PDT" duration-ms="457" status="PASS">
          <params>
            <param index="0">
              <value>
                <![CDATA["Verify User Sign In with No Auth"]]>
              </value>
            </param>
            <param index="1">
              <value>
                <![CDATA["Validate User Login Module"]]>
              </value>
            </param>
          </params>
          <reporter-output>
          </reporter-output>
        </test-method> <!-- runScenario -->
        <test-method signature="runScenario(io.cucumber.testng.PickleWrapper,io.cucumber.testng.FeatureWrapper)[pri:0, instance:runner.TestRunner@55b0dcab]" started-at="2026-05-05T00:46:24 PDT" name="runScenario" description="Runs Cucumber Scenarios" data-provider="scenarios" finished-at="2026-05-05T00:46:25 PDT" duration-ms="476" status="PASS">
          <params>
            <param index="0">
              <value>
                <![CDATA["Verify User Sign In with No Auth"]]>
              </value>
            </param>
            <param index="1">
              <value>
                <![CDATA["Validate User Login Module"]]>
              </value>
            </param>
          </params>
          <reporter-output>
          </reporter-output>
        </test-method> <!-- runScenario -->
        <test-method signature="runScenario(io.cucumber.testng.PickleWrapper,io.cucumber.testng.FeatureWrapper)[pri:0, instance:runner.TestRunner@55b0dcab]" started-at="2026-05-05T00:46:25 PDT" name="runScenario" description="Runs Cucumber Scenarios" data-provider="scenarios" finished-at="2026-05-05T00:46:25 PDT" duration-ms="545" status="PASS">
          <params>
            <param index="0">
              <value>
                <![CDATA["Verify User Sign In with No Auth"]]>
              </value>
            </param>
            <param index="1">
              <value>
                <![CDATA["Validate User Login Module"]]>
              </value>
            </param>
          </params>
          <reporter-output>
          </reporter-output>
        </test-method> <!-- runScenario -->
        <test-method signature="runScenario(io.cucumber.testng.PickleWrapper,io.cucumber.testng.FeatureWrapper)[pri:0, instance:runner.TestRunner@55b0dcab]" started-at="2026-05-05T00:46:25 PDT" name="runScenario" description="Runs Cucumber Scenarios" data-provider="scenarios" finished-at="2026-05-05T00:46:26 PDT" duration-ms="483" status="PASS">
          <params>
            <param index="0">
              <value>
                <![CDATA["Verify User Sign In with No Auth"]]>
              </value>
            </param>
            <param index="1">
              <value>
                <![CDATA["Validate User Login Module"]]>
              </value>
            </param>
          </params>
          <reporter-output>
          </reporter-output>
        </test-method> <!-- runScenario -->
        <test-method signature="runScenario(io.cucumber.testng.PickleWrapper,io.cucumber.testng.FeatureWrapper)[pri:0, instance:runner.TestRunner@55b0dcab]" started-at="2026-05-05T00:46:26 PDT" name="runScenario" description="Runs Cucumber Scenarios" data-provider="scenarios" finished-at="2026-05-05T00:46:26 PDT" duration-ms="475" status="PASS">
          <params>
            <param index="0">
              <value>
                <![CDATA["Verify User Sign In with No Auth"]]>
              </value>
            </param>
            <param index="1">
              <value>
                <![CDATA["Validate User Login Module"]]>
              </value>
            </param>
          </params>
          <reporter-output>
          </reporter-output>
        </test-method> <!-- runScenario -->
        <test-method signature="runScenario(io.cucumber.testng.PickleWrapper,io.cucumber.testng.FeatureWrapper)[pri:0, instance:runner.TestRunner@55b0dcab]" started-at="2026-05-05T00:46:26 PDT" name="runScenario" description="Runs Cucumber Scenarios" data-provider="scenarios" finished-at="2026-05-05T00:46:27 PDT" duration-ms="511" status="PASS">
          <params>
            <param index="0">
              <value>
                <![CDATA["Verify login with Invalid Method"]]>
              </value>
            </param>
            <param index="1">
              <value>
                <![CDATA["Validate User Login Module"]]>
              </value>
            </param>
          </params>
          <reporter-output>
          </reporter-output>
        </test-method> <!-- runScenario -->
        <test-method signature="runScenario(io.cucumber.testng.PickleWrapper,io.cucumber.testng.FeatureWrapper)[pri:0, instance:runner.TestRunner@55b0dcab]" started-at="2026-05-05T00:46:27 PDT" name="runScenario" description="Runs Cucumber Scenarios" data-provider="scenarios" finished-at="2026-05-05T00:46:28 PDT" duration-ms="1030" status="PASS">
          <params>
            <param index="0">
              <value>
                <![CDATA["Verify Forgot Password functionality"]]>
              </value>
            </param>
            <param index="1">
              <value>
                <![CDATA["Validate User Login Module"]]>
              </value>
            </param>
          </params>
          <reporter-output>
          </reporter-output>
        </test-method> <!-- runScenario -->
        <test-method signature="runScenario(io.cucumber.testng.PickleWrapper,io.cucumber.testng.FeatureWrapper)[pri:0, instance:runner.TestRunner@55b0dcab]" started-at="2026-05-05T00:46:28 PDT" name="runScenario" description="Runs Cucumber Scenarios" data-provider="scenarios" finished-at="2026-05-05T00:46:28 PDT" duration-ms="465" status="PASS">
          <params>
            <param index="0">
              <value>
                <![CDATA["Verify Forgot Password functionality"]]>
              </value>
            </param>
            <param index="1">
              <value>
                <![CDATA["Validate User Login Module"]]>
              </value>
            </param>
          </params>
          <reporter-output>
          </reporter-output>
        </test-method> <!-- runScenario -->
        <test-method signature="runScenario(io.cucumber.testng.PickleWrapper,io.cucumber.testng.FeatureWrapper)[pri:0, instance:runner.TestRunner@55b0dcab]" started-at="2026-05-05T00:46:28 PDT" name="runScenario" description="Runs Cucumber Scenarios" data-provider="scenarios" finished-at="2026-05-05T00:46:29 PDT" duration-ms="489" status="PASS">
          <params>
            <param index="0">
              <value>
                <![CDATA["Verify Forgot Password functionality"]]>
              </value>
            </param>
            <param index="1">
              <value>
                <![CDATA["Validate User Login Module"]]>
              </value>
            </param>
          </params>
          <reporter-output>
          </reporter-output>
        </test-method> <!-- runScenario -->
        <test-method signature="runScenario(io.cucumber.testng.PickleWrapper,io.cucumber.testng.FeatureWrapper)[pri:0, instance:runner.TestRunner@55b0dcab]" started-at="2026-05-05T00:46:29 PDT" name="runScenario" description="Runs Cucumber Scenarios" data-provider="scenarios" finished-at="2026-05-05T00:46:29 PDT" duration-ms="450" status="PASS">
          <params>
            <param index="0">
              <value>
                <![CDATA["Verify Forgot Password functionality"]]>
              </value>
            </param>
            <param index="1">
              <value>
                <![CDATA["Validate User Login Module"]]>
              </value>
            </param>
          </params>
          <reporter-output>
          </reporter-output>
        </test-method> <!-- runScenario -->
        <test-method signature="runScenario(io.cucumber.testng.PickleWrapper,io.cucumber.testng.FeatureWrapper)[pri:0, instance:runner.TestRunner@55b0dcab]" started-at="2026-05-05T00:46:29 PDT" name="runScenario" description="Runs Cucumber Scenarios" data-provider="scenarios" finished-at="2026-05-05T00:46:29 PDT" duration-ms="453" status="PASS">
          <params>
            <param index="0">
              <value>
                <![CDATA["Verify Forgot Password functionality"]]>
              </value>
            </param>
            <param index="1">
              <value>
                <![CDATA["Validate User Login Module"]]>
              </value>
            </param>
          </params>
          <reporter-output>
          </reporter-output>
        </test-method> <!-- runScenario -->
        <test-method signature="runScenario(io.cucumber.testng.PickleWrapper,io.cucumber.testng.FeatureWrapper)[pri:0, instance:runner.TestRunner@55b0dcab]" started-at="2026-05-05T00:46:29 PDT" name="runScenario" description="Runs Cucumber Scenarios" data-provider="scenarios" finished-at="2026-05-05T00:46:30 PDT" duration-ms="471" status="PASS">
          <params>
            <param index="0">
              <value>
                <![CDATA["Verify Forgot Password functionality"]]>
              </value>
            </param>
            <param index="1">
              <value>
                <![CDATA["Validate User Login Module"]]>
              </value>
            </param>
          </params>
          <reporter-output>
          </reporter-output>
        </test-method> <!-- runScenario -->
        <test-method signature="runScenario(io.cucumber.testng.PickleWrapper,io.cucumber.testng.FeatureWrapper)[pri:0, instance:runner.TestRunner@55b0dcab]" started-at="2026-05-05T00:46:30 PDT" name="runScenario" description="Runs Cucumber Scenarios" data-provider="scenarios" finished-at="2026-05-05T00:46:30 PDT" duration-ms="482" status="PASS">
          <params>
            <param index="0">
              <value>
                <![CDATA["Verify  if Admin logs out with invalid token"]]>
              </value>
            </param>
            <param index="1">
              <value>
                <![CDATA["Validate User Login Module"]]>
              </value>
            </param>
          </params>
          <reporter-output>
          </reporter-output>
        </test-method> <!-- runScenario -->
        <test-method signature="runScenario(io.cucumber.testng.PickleWrapper,io.cucumber.testng.FeatureWrapper)[pri:0, instance:runner.TestRunner@55b0dcab]" started-at="2026-05-05T00:46:30 PDT" name="runScenario" description="Runs Cucumber Scenarios" data-provider="scenarios" finished-at="2026-05-05T00:46:31 PDT" duration-ms="463" status="PASS">
          <params>
            <param index="0">
              <value>
                <![CDATA["Verify Admin logs out with no authorization"]]>
              </value>
            </param>
            <param index="1">
              <value>
                <![CDATA["Validate User Login Module"]]>
              </value>
            </param>
          </params>
          <reporter-output>
          </reporter-output>
        </test-method> <!-- runScenario -->
        <test-method signature="runScenario(io.cucumber.testng.PickleWrapper,io.cucumber.testng.FeatureWrapper)[pri:0, instance:runner.TestRunner@55b0dcab]" started-at="2026-05-05T00:46:31 PDT" name="runScenario" description="Runs Cucumber Scenarios" data-provider="scenarios" finished-at="2026-05-05T00:46:31 PDT" duration-ms="497" status="PASS">
          <params>
            <param index="0">
              <value>
                <![CDATA["Verify Admin logs out with invalid method"]]>
              </value>
            </param>
            <param index="1">
              <value>
                <![CDATA["Validate User Login Module"]]>
              </value>
            </param>
          </params>
          <reporter-output>
          </reporter-output>
        </test-method> <!-- runScenario -->
        <test-method signature="runScenario(io.cucumber.testng.PickleWrapper,io.cucumber.testng.FeatureWrapper)[pri:0, instance:runner.TestRunner@55b0dcab]" started-at="2026-05-05T00:46:31 PDT" name="runScenario" description="Runs Cucumber Scenarios" data-provider="scenarios" finished-at="2026-05-05T00:46:32 PDT" duration-ms="528" status="PASS">
          <params>
            <param index="0">
              <value>
                <![CDATA["Verify Admin resets password with invalid method"]]>
              </value>
            </param>
            <param index="1">
              <value>
                <![CDATA["Validate User Login Module"]]>
              </value>
            </param>
          </params>
          <reporter-output>
          </reporter-output>
        </test-method> <!-- runScenario -->
        <test-method signature="runScenario(io.cucumber.testng.PickleWrapper,io.cucumber.testng.FeatureWrapper)[pri:0, instance:runner.TestRunner@55b0dcab]" started-at="2026-05-05T00:46:32 PDT" name="runScenario" description="Runs Cucumber Scenarios" data-provider="scenarios" finished-at="2026-05-05T00:46:32 PDT" duration-ms="556" status="PASS">
          <params>
            <param index="0">
              <value>
                <![CDATA["Verify if admin is able to create a Program"]]>
              </value>
            </param>
            <param index="1">
              <value>
                <![CDATA["Validate Program Module"]]>
              </value>
            </param>
          </params>
          <reporter-output>
          </reporter-output>
        </test-method> <!-- runScenario -->
        <test-method signature="runScenario(io.cucumber.testng.PickleWrapper,io.cucumber.testng.FeatureWrapper)[pri:0, instance:runner.TestRunner@55b0dcab]" started-at="2026-05-05T00:46:32 PDT" name="runScenario" description="Runs Cucumber Scenarios" data-provider="scenarios" finished-at="2026-05-05T00:46:33 PDT" duration-ms="493" status="PASS">
          <params>
            <param index="0">
              <value>
                <![CDATA["Verify if admin is able to create a Program"]]>
              </value>
            </param>
            <param index="1">
              <value>
                <![CDATA["Validate Program Module"]]>
              </value>
            </param>
          </params>
          <reporter-output>
          </reporter-output>
        </test-method> <!-- runScenario -->
        <test-method signature="runScenario(io.cucumber.testng.PickleWrapper,io.cucumber.testng.FeatureWrapper)[pri:0, instance:runner.TestRunner@55b0dcab]" started-at="2026-05-05T00:46:33 PDT" name="runScenario" description="Runs Cucumber Scenarios" data-provider="scenarios" finished-at="2026-05-05T00:46:34 PDT" duration-ms="573" status="PASS">
          <params>
            <param index="0">
              <value>
                <![CDATA["Verify if admin is able to create a Program"]]>
              </value>
            </param>
            <param index="1">
              <value>
                <![CDATA["Validate Program Module"]]>
              </value>
            </param>
          </params>
          <reporter-output>
          </reporter-output>
        </test-method> <!-- runScenario -->
        <test-method signature="runScenario(io.cucumber.testng.PickleWrapper,io.cucumber.testng.FeatureWrapper)[pri:0, instance:runner.TestRunner@55b0dcab]" started-at="2026-05-05T00:46:34 PDT" name="runScenario" description="Runs Cucumber Scenarios" data-provider="scenarios" finished-at="2026-05-05T00:46:34 PDT" duration-ms="488" status="PASS">
          <params>
            <param index="0">
              <value>
                <![CDATA["Verify if admin is able to create a Program"]]>
              </value>
            </param>
            <param index="1">
              <value>
                <![CDATA["Validate Program Module"]]>
              </value>
            </param>
          </params>
          <reporter-output>
          </reporter-output>
        </test-method> <!-- runScenario -->
        <test-method signature="runScenario(io.cucumber.testng.PickleWrapper,io.cucumber.testng.FeatureWrapper)[pri:0, instance:runner.TestRunner@55b0dcab]" started-at="2026-05-05T00:46:34 PDT" name="runScenario" description="Runs Cucumber Scenarios" data-provider="scenarios" finished-at="2026-05-05T00:46:34 PDT" duration-ms="494" status="PASS">
          <params>
            <param index="0">
              <value>
                <![CDATA["Verify if admin is able to create a Program"]]>
              </value>
            </param>
            <param index="1">
              <value>
                <![CDATA["Validate Program Module"]]>
              </value>
            </param>
          </params>
          <reporter-output>
          </reporter-output>
        </test-method> <!-- runScenario -->
        <test-method signature="runScenario(io.cucumber.testng.PickleWrapper,io.cucumber.testng.FeatureWrapper)[pri:0, instance:runner.TestRunner@55b0dcab]" started-at="2026-05-05T00:46:34 PDT" name="runScenario" description="Runs Cucumber Scenarios" data-provider="scenarios" finished-at="2026-05-05T00:46:35 PDT" duration-ms="496" status="PASS">
          <params>
            <param index="0">
              <value>
                <![CDATA["Verify if admin is able to create a Program"]]>
              </value>
            </param>
            <param index="1">
              <value>
                <![CDATA["Validate Program Module"]]>
              </value>
            </param>
          </params>
          <reporter-output>
          </reporter-output>
        </test-method> <!-- runScenario -->
        <test-method signature="runScenario(io.cucumber.testng.PickleWrapper,io.cucumber.testng.FeatureWrapper)[pri:0, instance:runner.TestRunner@55b0dcab]" started-at="2026-05-05T00:46:35 PDT" name="runScenario" description="Runs Cucumber Scenarios" data-provider="scenarios" finished-at="2026-05-05T00:46:35 PDT" duration-ms="477" status="PASS">
          <params>
            <param index="0">
              <value>
                <![CDATA["Verify if admin is able to create a Program"]]>
              </value>
            </param>
            <param index="1">
              <value>
                <![CDATA["Validate Program Module"]]>
              </value>
            </param>
          </params>
          <reporter-output>
          </reporter-output>
        </test-method> <!-- runScenario -->
        <test-method signature="runScenario(io.cucumber.testng.PickleWrapper,io.cucumber.testng.FeatureWrapper)[pri:0, instance:runner.TestRunner@55b0dcab]" started-at="2026-05-05T00:46:35 PDT" name="runScenario" description="Runs Cucumber Scenarios" data-provider="scenarios" finished-at="2026-05-05T00:46:36 PDT" duration-ms="509" status="PASS">
          <params>
            <param index="0">
              <value>
                <![CDATA["Verify if admin is able to create a Program"]]>
              </value>
            </param>
            <param index="1">
              <value>
                <![CDATA["Validate Program Module"]]>
              </value>
            </param>
          </params>
          <reporter-output>
          </reporter-output>
        </test-method> <!-- runScenario -->
        <test-method signature="runScenario(io.cucumber.testng.PickleWrapper,io.cucumber.testng.FeatureWrapper)[pri:0, instance:runner.TestRunner@55b0dcab]" started-at="2026-05-05T00:46:36 PDT" name="runScenario" description="Runs Cucumber Scenarios" data-provider="scenarios" finished-at="2026-05-05T00:46:36 PDT" duration-ms="479" status="PASS">
          <params>
            <param index="0">
              <value>
                <![CDATA["Verify if admin is able to create a Program"]]>
              </value>
            </param>
            <param index="1">
              <value>
                <![CDATA["Validate Program Module"]]>
              </value>
            </param>
          </params>
          <reporter-output>
          </reporter-output>
        </test-method> <!-- runScenario -->
        <test-method signature="runScenario(io.cucumber.testng.PickleWrapper,io.cucumber.testng.FeatureWrapper)[pri:0, instance:runner.TestRunner@55b0dcab]" started-at="2026-05-05T00:46:36 PDT" name="runScenario" description="Runs Cucumber Scenarios" data-provider="scenarios" finished-at="2026-05-05T00:46:37 PDT" duration-ms="486" status="PASS">
          <params>
            <param index="0">
              <value>
                <![CDATA["Verify if admin is able to create a Program"]]>
              </value>
            </param>
            <param index="1">
              <value>
                <![CDATA["Validate Program Module"]]>
              </value>
            </param>
          </params>
          <reporter-output>
          </reporter-output>
        </test-method> <!-- runScenario -->
        <test-method signature="runScenario(io.cucumber.testng.PickleWrapper,io.cucumber.testng.FeatureWrapper)[pri:0, instance:runner.TestRunner@55b0dcab]" started-at="2026-05-05T00:46:37 PDT" name="runScenario" description="Runs Cucumber Scenarios" data-provider="scenarios" finished-at="2026-05-05T00:46:37 PDT" duration-ms="502" status="PASS">
          <params>
            <param index="0">
              <value>
                <![CDATA["Verify if admin is able to create a Program"]]>
              </value>
            </param>
            <param index="1">
              <value>
                <![CDATA["Validate Program Module"]]>
              </value>
            </param>
          </params>
          <reporter-output>
          </reporter-output>
        </test-method> <!-- runScenario -->
        <test-method signature="runScenario(io.cucumber.testng.PickleWrapper,io.cucumber.testng.FeatureWrapper)[pri:0, instance:runner.TestRunner@55b0dcab]" started-at="2026-05-05T00:46:37 PDT" name="runScenario" description="Runs Cucumber Scenarios" data-provider="scenarios" finished-at="2026-05-05T00:46:38 PDT" duration-ms="466" status="PASS">
          <params>
            <param index="0">
              <value>
                <![CDATA["Verify if admin for GET All Programs"]]>
              </value>
            </param>
            <param index="1">
              <value>
                <![CDATA["Validate Program Module"]]>
              </value>
            </param>
          </params>
          <reporter-output>
          </reporter-output>
        </test-method> <!-- runScenario -->
        <test-method signature="runScenario(io.cucumber.testng.PickleWrapper,io.cucumber.testng.FeatureWrapper)[pri:0, instance:runner.TestRunner@55b0dcab]" started-at="2026-05-05T00:46:38 PDT" name="runScenario" description="Runs Cucumber Scenarios" data-provider="scenarios" finished-at="2026-05-05T00:46:38 PDT" duration-ms="452" status="PASS">
          <params>
            <param index="0">
              <value>
                <![CDATA["Verify if admin for GET All Programs"]]>
              </value>
            </param>
            <param index="1">
              <value>
                <![CDATA["Validate Program Module"]]>
              </value>
            </param>
          </params>
          <reporter-output>
          </reporter-output>
        </test-method> <!-- runScenario -->
        <test-method signature="runScenario(io.cucumber.testng.PickleWrapper,io.cucumber.testng.FeatureWrapper)[pri:0, instance:runner.TestRunner@55b0dcab]" started-at="2026-05-05T00:46:38 PDT" name="runScenario" description="Runs Cucumber Scenarios" data-provider="scenarios" finished-at="2026-05-05T00:46:40 PDT" duration-ms="1315" status="PASS">
          <params>
            <param index="0">
              <value>
                <![CDATA["Verify if admin for GET All Programs"]]>
              </value>
            </param>
            <param index="1">
              <value>
                <![CDATA["Validate Program Module"]]>
              </value>
            </param>
          </params>
          <reporter-output>
          </reporter-output>
        </test-method> <!-- runScenario -->
        <test-method signature="runScenario(io.cucumber.testng.PickleWrapper,io.cucumber.testng.FeatureWrapper)[pri:0, instance:runner.TestRunner@55b0dcab]" started-at="2026-05-05T00:46:40 PDT" name="runScenario" description="Runs Cucumber Scenarios" data-provider="scenarios" finished-at="2026-05-05T00:46:40 PDT" duration-ms="519" status="PASS">
          <params>
            <param index="0">
              <value>
                <![CDATA["Verify POST Batch creation "Mandatory_Optional_Fields""]]>
              </value>
            </param>
            <param index="1">
              <value>
                <![CDATA["Validate Batch Module"]]>
              </value>
            </param>
          </params>
          <reporter-output>
          </reporter-output>
        </test-method> <!-- runScenario -->
        <test-method signature="runScenario(io.cucumber.testng.PickleWrapper,io.cucumber.testng.FeatureWrapper)[pri:0, instance:runner.TestRunner@55b0dcab]" started-at="2026-05-05T00:46:40 PDT" name="runScenario" description="Runs Cucumber Scenarios" data-provider="scenarios" finished-at="2026-05-05T00:46:41 PDT" duration-ms="512" status="PASS">
          <params>
            <param index="0">
              <value>
                <![CDATA["Verify POST Batch creation "Mandatory_Only_Fields""]]>
              </value>
            </param>
            <param index="1">
              <value>
                <![CDATA["Validate Batch Module"]]>
              </value>
            </param>
          </params>
          <reporter-output>
          </reporter-output>
        </test-method> <!-- runScenario -->
        <test-method signature="runScenario(io.cucumber.testng.PickleWrapper,io.cucumber.testng.FeatureWrapper)[pri:0, instance:runner.TestRunner@55b0dcab]" started-at="2026-05-05T00:46:41 PDT" name="runScenario" description="Runs Cucumber Scenarios" data-provider="scenarios" finished-at="2026-05-05T00:46:41 PDT" duration-ms="499" status="PASS">
          <params>
            <param index="0">
              <value>
                <![CDATA["Verify POST Batch creation "Optional_Only_Fields""]]>
              </value>
            </param>
            <param index="1">
              <value>
                <![CDATA["Validate Batch Module"]]>
              </value>
            </param>
          </params>
          <reporter-output>
          </reporter-output>
        </test-method> <!-- runScenario -->
        <test-method signature="runScenario(io.cucumber.testng.PickleWrapper,io.cucumber.testng.FeatureWrapper)[pri:0, instance:runner.TestRunner@55b0dcab]" started-at="2026-05-05T00:46:41 PDT" name="runScenario" description="Runs Cucumber Scenarios" data-provider="scenarios" finished-at="2026-05-05T00:46:42 PDT" duration-ms="533" status="PASS">
          <params>
            <param index="0">
              <value>
                <![CDATA["Verify POST Batch creation "ProgramName_Mismatch""]]>
              </value>
            </param>
            <param index="1">
              <value>
                <![CDATA["Validate Batch Module"]]>
              </value>
            </param>
          </params>
          <reporter-output>
          </reporter-output>
        </test-method> <!-- runScenario -->
        <test-method signature="runScenario(io.cucumber.testng.PickleWrapper,io.cucumber.testng.FeatureWrapper)[pri:0, instance:runner.TestRunner@55b0dcab]" started-at="2026-05-05T00:46:42 PDT" name="runScenario" description="Runs Cucumber Scenarios" data-provider="scenarios" finished-at="2026-05-05T00:46:42 PDT" duration-ms="489" status="PASS">
          <params>
            <param index="0">
              <value>
                <![CDATA["Verify POST Batch creation "Inactive_ProgramId""]]>
              </value>
            </param>
            <param index="1">
              <value>
                <![CDATA["Validate Batch Module"]]>
              </value>
            </param>
          </params>
          <reporter-output>
          </reporter-output>
        </test-method> <!-- runScenario -->
        <test-method signature="runScenario(io.cucumber.testng.PickleWrapper,io.cucumber.testng.FeatureWrapper)[pri:0, instance:runner.TestRunner@55b0dcab]" started-at="2026-05-05T00:46:42 PDT" name="runScenario" description="Runs Cucumber Scenarios" data-provider="scenarios" finished-at="2026-05-05T00:46:43 PDT" duration-ms="480" status="PASS">
          <params>
            <param index="0">
              <value>
                <![CDATA["Verify POST Batch creation "ProgramId_NotExist""]]>
              </value>
            </param>
            <param index="1">
              <value>
                <![CDATA["Validate Batch Module"]]>
              </value>
            </param>
          </params>
          <reporter-output>
          </reporter-output>
        </test-method> <!-- runScenario -->
        <test-method signature="runScenario(io.cucumber.testng.PickleWrapper,io.cucumber.testng.FeatureWrapper)[pri:0, instance:runner.TestRunner@55b0dcab]" started-at="2026-05-05T00:46:43 PDT" name="runScenario" description="Runs Cucumber Scenarios" data-provider="scenarios" finished-at="2026-05-05T00:46:43 PDT" duration-ms="475" status="PASS">
          <params>
            <param index="0">
              <value>
                <![CDATA["Verify POST Batch creation "BatchName_No_Underscore""]]>
              </value>
            </param>
            <param index="1">
              <value>
                <![CDATA["Validate Batch Module"]]>
              </value>
            </param>
          </params>
          <reporter-output>
          </reporter-output>
        </test-method> <!-- runScenario -->
        <test-method signature="runScenario(io.cucumber.testng.PickleWrapper,io.cucumber.testng.FeatureWrapper)[pri:0, instance:runner.TestRunner@55b0dcab]" started-at="2026-05-05T00:46:43 PDT" name="runScenario" description="Runs Cucumber Scenarios" data-provider="scenarios" finished-at="2026-05-05T00:46:44 PDT" duration-ms="539" status="PASS">
          <params>
            <param index="0">
              <value>
                <![CDATA["Verify POST Batch creation "BatchName_Hyphen""]]>
              </value>
            </param>
            <param index="1">
              <value>
                <![CDATA["Validate Batch Module"]]>
              </value>
            </param>
          </params>
          <reporter-output>
          </reporter-output>
        </test-method> <!-- runScenario -->
        <test-method signature="runScenario(io.cucumber.testng.PickleWrapper,io.cucumber.testng.FeatureWrapper)[pri:0, instance:runner.TestRunner@55b0dcab]" started-at="2026-05-05T00:46:44 PDT" name="runScenario" description="Runs Cucumber Scenarios" data-provider="scenarios" finished-at="2026-05-05T00:46:44 PDT" duration-ms="457" status="PASS">
          <params>
            <param index="0">
              <value>
                <![CDATA["Verify POST Batch creation "BatchName_Char_Suffix""]]>
              </value>
            </param>
            <param index="1">
              <value>
                <![CDATA["Validate Batch Module"]]>
              </value>
            </param>
          </params>
          <reporter-output>
          </reporter-output>
        </test-method> <!-- runScenario -->
        <test-method signature="runScenario(io.cucumber.testng.PickleWrapper,io.cucumber.testng.FeatureWrapper)[pri:0, instance:runner.TestRunner@55b0dcab]" started-at="2026-05-05T00:46:44 PDT" name="runScenario" description="Runs Cucumber Scenarios" data-provider="scenarios" finished-at="2026-05-05T00:46:45 PDT" duration-ms="498" status="PASS">
          <params>
            <param index="0">
              <value>
                <![CDATA["Verify POST Batch creation "BatchName_Special_Suffix""]]>
              </value>
            </param>
            <param index="1">
              <value>
                <![CDATA["Validate Batch Module"]]>
              </value>
            </param>
          </params>
          <reporter-output>
          </reporter-output>
        </test-method> <!-- runScenario -->
        <test-method signature="runScenario(io.cucumber.testng.PickleWrapper,io.cucumber.testng.FeatureWrapper)[pri:0, instance:runner.TestRunner@55b0dcab]" started-at="2026-05-05T00:46:45 PDT" name="runScenario" description="Runs Cucumber Scenarios" data-provider="scenarios" finished-at="2026-05-05T00:46:45 PDT" duration-ms="476" status="PASS">
          <params>
            <param index="0">
              <value>
                <![CDATA["Verify POST Batch creation "BatchName_Too_Long""]]>
              </value>
            </param>
            <param index="1">
              <value>
                <![CDATA["Validate Batch Module"]]>
              </value>
            </param>
          </params>
          <reporter-output>
          </reporter-output>
        </test-method> <!-- runScenario -->
        <test-method signature="runScenario(io.cucumber.testng.PickleWrapper,io.cucumber.testng.FeatureWrapper)[pri:0, instance:runner.TestRunner@55b0dcab]" started-at="2026-05-05T00:46:45 PDT" name="runScenario" description="Runs Cucumber Scenarios" data-provider="scenarios" finished-at="2026-05-05T00:46:46 PDT" duration-ms="557" status="FAIL">
          <params>
            <param index="0">
              <value>
                <![CDATA["Verify POST Batch creation "BatchName_Too_Short""]]>
              </value>
            </param>
            <param index="1">
              <value>
                <![CDATA["Validate Batch Module"]]>
              </value>
            </param>
          </params>
          <exception class="java.lang.AssertionError">
            <message>
              <![CDATA[1 expectation failed.
Expected status code <400> but was <201>.
]]>
            </message>
            <full-stacktrace>
              <![CDATA[java.lang.AssertionError: 1 expectation failed.
Expected status code <400> but was <201>.

at org.codehaus.groovy.vmplugin.v8.IndyInterface.fromCache(IndyInterface.java:344)
at io.restassured.internal.ResponseSpecificationImpl$HamcrestAssertionClosure.validate(ResponseSpecificationImpl.groovy:516)
at org.codehaus.groovy.vmplugin.v8.IndyInterface.fromCache(IndyInterface.java:344)
at io.restassured.internal.ResponseSpecificationImpl.validateResponseIfRequired(ResponseSpecificationImpl.groovy:714)
at org.codehaus.groovy.vmplugin.v8.IndyInterface.fromCache(IndyInterface.java:344)
at io.restassured.internal.ResponseSpecificationImpl.statusCode(ResponseSpecificationImpl.groovy:139)
at org.codehaus.groovy.vmplugin.v8.IndyInterface.fromCache(IndyInterface.java:344)
at io.restassured.internal.ResponseSpecificationImpl.statusCode(ResponseSpecificationImpl.groovy:147)
at io.restassured.internal.ValidatableResponseOptionsImpl.statusCode(ValidatableResponseOptionsImpl.java:89)
at stepDefinitions.BatchStepDef.admin_receives_expected_status_code_from_excel_validate_post_batch_response(BatchStepDef.java:137)
at ✽.Admin receives expected status code from excel, validate POST batch response(file:///C:/Users/saphi/eclipse-workspace/Team03_RestfulNinjas_LMS_Hackathon/src/test/resources/features/TC03_Batch.feature:12)
]]>
            </full-stacktrace>
          </exception> <!-- java.lang.AssertionError -->
          <reporter-output>
          </reporter-output>
        </test-method> <!-- runScenario -->
        <test-method signature="runScenario(io.cucumber.testng.PickleWrapper,io.cucumber.testng.FeatureWrapper)[pri:0, instance:runner.TestRunner@55b0dcab]" started-at="2026-05-05T00:46:46 PDT" name="runScenario" description="Runs Cucumber Scenarios" data-provider="scenarios" finished-at="2026-05-05T00:46:46 PDT" duration-ms="475" status="PASS">
          <params>
            <param index="0">
              <value>
                <![CDATA["Verify POST Batch creation "BatchName_Duplicate""]]>
              </value>
            </param>
            <param index="1">
              <value>
                <![CDATA["Validate Batch Module"]]>
              </value>
            </param>
          </params>
          <reporter-output>
          </reporter-output>
        </test-method> <!-- runScenario -->
        <test-method signature="runScenario(io.cucumber.testng.PickleWrapper,io.cucumber.testng.FeatureWrapper)[pri:0, instance:runner.TestRunner@55b0dcab]" started-at="2026-05-05T00:46:46 PDT" name="runScenario" description="Runs Cucumber Scenarios" data-provider="scenarios" finished-at="2026-05-05T00:46:47 PDT" duration-ms="487" status="FAIL">
          <params>
            <param index="0">
              <value>
                <![CDATA["Verify POST Batch creation "Description_Too_Short""]]>
              </value>
            </param>
            <param index="1">
              <value>
                <![CDATA["Validate Batch Module"]]>
              </value>
            </param>
          </params>
          <exception class="java.lang.AssertionError">
            <message>
              <![CDATA[1 expectation failed.
Expected status code <400> but was <201>.
]]>
            </message>
            <full-stacktrace>
              <![CDATA[java.lang.AssertionError: 1 expectation failed.
Expected status code <400> but was <201>.

at org.codehaus.groovy.vmplugin.v8.IndyInterface.fromCache(IndyInterface.java:344)
at io.restassured.internal.ResponseSpecificationImpl$HamcrestAssertionClosure.validate(ResponseSpecificationImpl.groovy:516)
at org.codehaus.groovy.vmplugin.v8.IndyInterface.fromCache(IndyInterface.java:344)
at io.restassured.internal.ResponseSpecificationImpl.validateResponseIfRequired(ResponseSpecificationImpl.groovy:714)
at org.codehaus.groovy.vmplugin.v8.IndyInterface.fromCache(IndyInterface.java:344)
at io.restassured.internal.ResponseSpecificationImpl.statusCode(ResponseSpecificationImpl.groovy:139)
at org.codehaus.groovy.vmplugin.v8.IndyInterface.fromCache(IndyInterface.java:344)
at io.restassured.internal.ResponseSpecificationImpl.statusCode(ResponseSpecificationImpl.groovy:147)
at io.restassured.internal.ValidatableResponseOptionsImpl.statusCode(ValidatableResponseOptionsImpl.java:89)
at stepDefinitions.BatchStepDef.admin_receives_expected_status_code_from_excel_validate_post_batch_response(BatchStepDef.java:137)
at ✽.Admin receives expected status code from excel, validate POST batch response(file:///C:/Users/saphi/eclipse-workspace/Team03_RestfulNinjas_LMS_Hackathon/src/test/resources/features/TC03_Batch.feature:12)
]]>
            </full-stacktrace>
          </exception> <!-- java.lang.AssertionError -->
          <reporter-output>
          </reporter-output>
        </test-method> <!-- runScenario -->
        <test-method signature="runScenario(io.cucumber.testng.PickleWrapper,io.cucumber.testng.FeatureWrapper)[pri:0, instance:runner.TestRunner@55b0dcab]" started-at="2026-05-05T00:46:47 PDT" name="runScenario" description="Runs Cucumber Scenarios" data-provider="scenarios" finished-at="2026-05-05T00:46:47 PDT" duration-ms="489" status="FAIL">
          <params>
            <param index="0">
              <value>
                <![CDATA["Verify POST Batch creation "Description_Too_Long""]]>
              </value>
            </param>
            <param index="1">
              <value>
                <![CDATA["Validate Batch Module"]]>
              </value>
            </param>
          </params>
          <exception class="java.lang.AssertionError">
            <message>
              <![CDATA[1 expectation failed.
Expected status code <400> but was <201>.
]]>
            </message>
            <full-stacktrace>
              <![CDATA[java.lang.AssertionError: 1 expectation failed.
Expected status code <400> but was <201>.

at org.codehaus.groovy.vmplugin.v8.IndyInterface.fromCache(IndyInterface.java:344)
at io.restassured.internal.ResponseSpecificationImpl$HamcrestAssertionClosure.validate(ResponseSpecificationImpl.groovy:516)
at org.codehaus.groovy.vmplugin.v8.IndyInterface.fromCache(IndyInterface.java:344)
at io.restassured.internal.ResponseSpecificationImpl.validateResponseIfRequired(ResponseSpecificationImpl.groovy:714)
at org.codehaus.groovy.vmplugin.v8.IndyInterface.fromCache(IndyInterface.java:344)
at io.restassured.internal.ResponseSpecificationImpl.statusCode(ResponseSpecificationImpl.groovy:139)
at org.codehaus.groovy.vmplugin.v8.IndyInterface.fromCache(IndyInterface.java:344)
at io.restassured.internal.ResponseSpecificationImpl.statusCode(ResponseSpecificationImpl.groovy:147)
at io.restassured.internal.ValidatableResponseOptionsImpl.statusCode(ValidatableResponseOptionsImpl.java:89)
at stepDefinitions.BatchStepDef.admin_receives_expected_status_code_from_excel_validate_post_batch_response(BatchStepDef.java:137)
at ✽.Admin receives expected status code from excel, validate POST batch response(file:///C:/Users/saphi/eclipse-workspace/Team03_RestfulNinjas_LMS_Hackathon/src/test/resources/features/TC03_Batch.feature:12)
]]>
            </full-stacktrace>
          </exception> <!-- java.lang.AssertionError -->
          <reporter-output>
          </reporter-output>
        </test-method> <!-- runScenario -->
        <test-method signature="runScenario(io.cucumber.testng.PickleWrapper,io.cucumber.testng.FeatureWrapper)[pri:0, instance:runner.TestRunner@55b0dcab]" started-at="2026-05-05T00:46:47 PDT" name="runScenario" description="Runs Cucumber Scenarios" data-provider="scenarios" finished-at="2026-05-05T00:46:48 PDT" duration-ms="494" status="PASS">
          <params>
            <param index="0">
              <value>
                <![CDATA["Verify POST Batch creation "Status_Random_Chars""]]>
              </value>
            </param>
            <param index="1">
              <value>
                <![CDATA["Validate Batch Module"]]>
              </value>
            </param>
          </params>
          <reporter-output>
          </reporter-output>
        </test-method> <!-- runScenario -->
        <test-method signature="runScenario(io.cucumber.testng.PickleWrapper,io.cucumber.testng.FeatureWrapper)[pri:0, instance:runner.TestRunner@55b0dcab]" started-at="2026-05-05T00:46:48 PDT" name="runScenario" description="Runs Cucumber Scenarios" data-provider="scenarios" finished-at="2026-05-05T00:46:48 PDT" duration-ms="531" status="PASS">
          <params>
            <param index="0">
              <value>
                <![CDATA["Verify POST Batch creation "Status_Numbers""]]>
              </value>
            </param>
            <param index="1">
              <value>
                <![CDATA["Validate Batch Module"]]>
              </value>
            </param>
          </params>
          <reporter-output>
          </reporter-output>
        </test-method> <!-- runScenario -->
        <test-method signature="runScenario(io.cucumber.testng.PickleWrapper,io.cucumber.testng.FeatureWrapper)[pri:0, instance:runner.TestRunner@55b0dcab]" started-at="2026-05-05T00:46:48 PDT" name="runScenario" description="Runs Cucumber Scenarios" data-provider="scenarios" finished-at="2026-05-05T00:46:49 PDT" duration-ms="483" status="PASS">
          <params>
            <param index="0">
              <value>
                <![CDATA["Verify POST Batch creation "Status_Special""]]>
              </value>
            </param>
            <param index="1">
              <value>
                <![CDATA["Validate Batch Module"]]>
              </value>
            </param>
          </params>
          <reporter-output>
          </reporter-output>
        </test-method> <!-- runScenario -->
        <test-method signature="runScenario(io.cucumber.testng.PickleWrapper,io.cucumber.testng.FeatureWrapper)[pri:0, instance:runner.TestRunner@55b0dcab]" started-at="2026-05-05T00:46:49 PDT" name="runScenario" description="Runs Cucumber Scenarios" data-provider="scenarios" finished-at="2026-05-05T00:46:49 PDT" duration-ms="498" status="PASS">
          <params>
            <param index="0">
              <value>
                <![CDATA["Verify POST Batch creation "Classes_NonNumeric""]]>
              </value>
            </param>
            <param index="1">
              <value>
                <![CDATA["Validate Batch Module"]]>
              </value>
            </param>
          </params>
          <reporter-output>
          </reporter-output>
        </test-method> <!-- runScenario -->
        <test-method signature="runScenario(io.cucumber.testng.PickleWrapper,io.cucumber.testng.FeatureWrapper)[pri:0, instance:runner.TestRunner@55b0dcab]" started-at="2026-05-05T00:46:49 PDT" name="runScenario" description="Runs Cucumber Scenarios" data-provider="scenarios" finished-at="2026-05-05T00:46:50 PDT" duration-ms="482" status="PASS">
          <params>
            <param index="0">
              <value>
                <![CDATA["Verify POST Batch creation "Classes_Too_Small""]]>
              </value>
            </param>
            <param index="1">
              <value>
                <![CDATA["Validate Batch Module"]]>
              </value>
            </param>
          </params>
          <reporter-output>
          </reporter-output>
        </test-method> <!-- runScenario -->
        <test-method signature="runScenario(io.cucumber.testng.PickleWrapper,io.cucumber.testng.FeatureWrapper)[pri:0, instance:runner.TestRunner@55b0dcab]" started-at="2026-05-05T00:46:50 PDT" name="runScenario" description="Runs Cucumber Scenarios" data-provider="scenarios" finished-at="2026-05-05T00:46:50 PDT" duration-ms="482" status="PASS">
          <params>
            <param index="0">
              <value>
                <![CDATA["Verify POST Batch creation "Classes_Too_Large""]]>
              </value>
            </param>
            <param index="1">
              <value>
                <![CDATA["Validate Batch Module"]]>
              </value>
            </param>
          </params>
          <reporter-output>
          </reporter-output>
        </test-method> <!-- runScenario -->
        <test-method signature="runScenario(io.cucumber.testng.PickleWrapper,io.cucumber.testng.FeatureWrapper)[pri:0, instance:runner.TestRunner@55b0dcab]" started-at="2026-05-05T00:46:50 PDT" name="runScenario" description="Runs Cucumber Scenarios" data-provider="scenarios" finished-at="2026-05-05T00:46:51 PDT" duration-ms="511" status="PASS">
          <params>
            <param index="0">
              <value>
                <![CDATA["Verify POST Batch creation "Invalid_Endpoint""]]>
              </value>
            </param>
            <param index="1">
              <value>
                <![CDATA["Validate Batch Module"]]>
              </value>
            </param>
          </params>
          <reporter-output>
          </reporter-output>
        </test-method> <!-- runScenario -->
        <test-method signature="runScenario(io.cucumber.testng.PickleWrapper,io.cucumber.testng.FeatureWrapper)[pri:0, instance:runner.TestRunner@55b0dcab]" started-at="2026-05-05T00:46:51 PDT" name="runScenario" description="Runs Cucumber Scenarios" data-provider="scenarios" finished-at="2026-05-05T00:46:51 PDT" duration-ms="491" status="PASS">
          <params>
            <param index="0">
              <value>
                <![CDATA["Verify POST Batch creation "Invalid_Method""]]>
              </value>
            </param>
            <param index="1">
              <value>
                <![CDATA["Validate Batch Module"]]>
              </value>
            </param>
          </params>
          <reporter-output>
          </reporter-output>
        </test-method> <!-- runScenario -->
        <test-method signature="runScenario(io.cucumber.testng.PickleWrapper,io.cucumber.testng.FeatureWrapper)[pri:0, instance:runner.TestRunner@55b0dcab]" started-at="2026-05-05T00:46:51 PDT" name="runScenario" description="Runs Cucumber Scenarios" data-provider="scenarios" finished-at="2026-05-05T00:46:52 PDT" duration-ms="459" status="PASS">
          <params>
            <param index="0">
              <value>
                <![CDATA["Verify POST Batch creation "Invalid_ContentType""]]>
              </value>
            </param>
            <param index="1">
              <value>
                <![CDATA["Validate Batch Module"]]>
              </value>
            </param>
          </params>
          <reporter-output>
          </reporter-output>
        </test-method> <!-- runScenario -->
        <test-method signature="runScenario(io.cucumber.testng.PickleWrapper,io.cucumber.testng.FeatureWrapper)[pri:0, instance:runner.TestRunner@55b0dcab]" started-at="2026-05-05T00:46:52 PDT" name="runScenario" description="Runs Cucumber Scenarios" data-provider="scenarios" finished-at="2026-05-05T00:46:52 PDT" duration-ms="488" status="PASS">
          <params>
            <param index="0">
              <value>
                <![CDATA["Verify POST Batch creation "No_Authorization""]]>
              </value>
            </param>
            <param index="1">
              <value>
                <![CDATA["Validate Batch Module"]]>
              </value>
            </param>
          </params>
          <reporter-output>
          </reporter-output>
        </test-method> <!-- runScenario -->
        <test-method signature="runScenario(io.cucumber.testng.PickleWrapper,io.cucumber.testng.FeatureWrapper)[pri:0, instance:runner.TestRunner@55b0dcab]" started-at="2026-05-05T00:46:52 PDT" name="runScenario" description="Runs Cucumber Scenarios" data-provider="scenarios" finished-at="2026-05-05T00:46:53 PDT" duration-ms="938" status="PASS">
          <params>
            <param index="0">
              <value>
                <![CDATA["Verify GET all batches "Get_All_Valid""]]>
              </value>
            </param>
            <param index="1">
              <value>
                <![CDATA["Validate Batch Module"]]>
              </value>
            </param>
          </params>
          <reporter-output>
          </reporter-output>
        </test-method> <!-- runScenario -->
        <test-method signature="runScenario(io.cucumber.testng.PickleWrapper,io.cucumber.testng.FeatureWrapper)[pri:0, instance:runner.TestRunner@55b0dcab]" started-at="2026-05-05T00:46:53 PDT" name="runScenario" description="Runs Cucumber Scenarios" data-provider="scenarios" finished-at="2026-05-05T00:46:54 PDT" duration-ms="552" status="PASS">
          <params>
            <param index="0">
              <value>
                <![CDATA["Verify GET all batches "Get_All_Invalid_EP""]]>
              </value>
            </param>
            <param index="1">
              <value>
                <![CDATA["Validate Batch Module"]]>
              </value>
            </param>
          </params>
          <reporter-output>
          </reporter-output>
        </test-method> <!-- runScenario -->
        <test-method signature="runScenario(io.cucumber.testng.PickleWrapper,io.cucumber.testng.FeatureWrapper)[pri:0, instance:runner.TestRunner@55b0dcab]" started-at="2026-05-05T00:46:54 PDT" name="runScenario" description="Runs Cucumber Scenarios" data-provider="scenarios" finished-at="2026-05-05T00:46:55 PDT" duration-ms="965" status="FAIL">
          <params>
            <param index="0">
              <value>
                <![CDATA["Verify GET all batches "Get_All_Invalid_ContentType""]]>
              </value>
            </param>
            <param index="1">
              <value>
                <![CDATA["Validate Batch Module"]]>
              </value>
            </param>
          </params>
          <exception class="java.lang.AssertionError">
            <message>
              <![CDATA[1 expectation failed.
Expected status code <415> but was <200>.
]]>
            </message>
            <full-stacktrace>
              <![CDATA[java.lang.AssertionError: 1 expectation failed.
Expected status code <415> but was <200>.

at org.codehaus.groovy.vmplugin.v8.IndyInterface.fromCache(IndyInterface.java:344)
at io.restassured.internal.ResponseSpecificationImpl$HamcrestAssertionClosure.validate(ResponseSpecificationImpl.groovy:516)
at org.codehaus.groovy.vmplugin.v8.IndyInterface.fromCache(IndyInterface.java:344)
at io.restassured.internal.ResponseSpecificationImpl.validateResponseIfRequired(ResponseSpecificationImpl.groovy:714)
at org.codehaus.groovy.vmplugin.v8.IndyInterface.fromCache(IndyInterface.java:344)
at io.restassured.internal.ResponseSpecificationImpl.statusCode(ResponseSpecificationImpl.groovy:139)
at org.codehaus.groovy.vmplugin.v8.IndyInterface.fromCache(IndyInterface.java:344)
at io.restassured.internal.ResponseSpecificationImpl.statusCode(ResponseSpecificationImpl.groovy:147)
at io.restassured.internal.ValidatableResponseOptionsImpl.statusCode(ValidatableResponseOptionsImpl.java:89)
at stepDefinitions.BatchStepDef.admin_receives_expected_status_code_from_excel(BatchStepDef.java:186)
at ✽.Admin receives expected status code from Excel(file:///C:/Users/saphi/eclipse-workspace/Team03_RestfulNinjas_LMS_Hackathon/src/test/resources/features/TC03_Batch.feature:47)
]]>
            </full-stacktrace>
          </exception> <!-- java.lang.AssertionError -->
          <reporter-output>
          </reporter-output>
        </test-method> <!-- runScenario -->
        <test-method signature="runScenario(io.cucumber.testng.PickleWrapper,io.cucumber.testng.FeatureWrapper)[pri:0, instance:runner.TestRunner@55b0dcab]" started-at="2026-05-05T00:46:55 PDT" name="runScenario" description="Runs Cucumber Scenarios" data-provider="scenarios" finished-at="2026-05-05T00:46:55 PDT" duration-ms="445" status="PASS">
          <params>
            <param index="0">
              <value>
                <![CDATA["Verify GET all batches "Get_All_No_Auth""]]>
              </value>
            </param>
            <param index="1">
              <value>
                <![CDATA["Validate Batch Module"]]>
              </value>
            </param>
          </params>
          <reporter-output>
          </reporter-output>
        </test-method> <!-- runScenario -->
        <test-method signature="runScenario(io.cucumber.testng.PickleWrapper,io.cucumber.testng.FeatureWrapper)[pri:0, instance:runner.TestRunner@55b0dcab]" started-at="2026-05-05T00:46:55 PDT" name="runScenario" description="Runs Cucumber Scenarios" data-provider="scenarios" finished-at="2026-05-05T00:46:55 PDT" duration-ms="454" status="PASS">
          <params>
            <param index="0">
              <value>
                <![CDATA["Verify GET all batches "Get_All_Invalid_Method""]]>
              </value>
            </param>
            <param index="1">
              <value>
                <![CDATA["Validate Batch Module"]]>
              </value>
            </param>
          </params>
          <reporter-output>
          </reporter-output>
        </test-method> <!-- runScenario -->
        <test-method signature="runScenario(io.cucumber.testng.PickleWrapper,io.cucumber.testng.FeatureWrapper)[pri:0, instance:runner.TestRunner@55b0dcab]" started-at="2026-05-05T00:46:55 PDT" name="runScenario" description="Runs Cucumber Scenarios" data-provider="scenarios" finished-at="2026-05-05T00:46:56 PDT" duration-ms="451" status="PASS">
          <params>
            <param index="0">
              <value>
                <![CDATA["Verify GET batch by id "Get_Batch_By_Id_Valid""]]>
              </value>
            </param>
            <param index="1">
              <value>
                <![CDATA["Validate Batch Module"]]>
              </value>
            </param>
          </params>
          <reporter-output>
          </reporter-output>
        </test-method> <!-- runScenario -->
        <test-method signature="runScenario(io.cucumber.testng.PickleWrapper,io.cucumber.testng.FeatureWrapper)[pri:0, instance:runner.TestRunner@55b0dcab]" started-at="2026-05-05T00:46:56 PDT" name="runScenario" description="Runs Cucumber Scenarios" data-provider="scenarios" finished-at="2026-05-05T00:46:56 PDT" duration-ms="442" status="PASS">
          <params>
            <param index="0">
              <value>
                <![CDATA["Verify GET batch by name "Get_Batch_By_Name_Valid""]]>
              </value>
            </param>
            <param index="1">
              <value>
                <![CDATA["Validate Batch Module"]]>
              </value>
            </param>
          </params>
          <reporter-output>
          </reporter-output>
        </test-method> <!-- runScenario -->
        <test-method signature="runScenario(io.cucumber.testng.PickleWrapper,io.cucumber.testng.FeatureWrapper)[pri:0, instance:runner.TestRunner@55b0dcab]" started-at="2026-05-05T00:46:56 PDT" name="runScenario" description="Runs Cucumber Scenarios" data-provider="scenarios" finished-at="2026-05-05T00:46:57 PDT" duration-ms="455" status="PASS">
          <params>
            <param index="0">
              <value>
                <![CDATA["Verify GET batch by programid "Get_Batch_By_ProgramId_Valid""]]>
              </value>
            </param>
            <param index="1">
              <value>
                <![CDATA["Validate Batch Module"]]>
              </value>
            </param>
          </params>
          <reporter-output>
          </reporter-output>
        </test-method> <!-- runScenario -->
        <test-method signature="runScenario(io.cucumber.testng.PickleWrapper,io.cucumber.testng.FeatureWrapper)[pri:0, instance:runner.TestRunner@55b0dcab]" started-at="2026-05-05T00:46:57 PDT" name="runScenario" description="Runs Cucumber Scenarios" data-provider="scenarios" finished-at="2026-05-05T00:46:57 PDT" duration-ms="475" status="PASS">
          <params>
            <param index="0">
              <value>
                <![CDATA["Verify PUT batch by id "Update_Batch_By_Id_Valid""]]>
              </value>
            </param>
            <param index="1">
              <value>
                <![CDATA["Validate Batch Module"]]>
              </value>
            </param>
          </params>
          <reporter-output>
          </reporter-output>
        </test-method> <!-- runScenario -->
        <test-method signature="runScenario(io.cucumber.testng.PickleWrapper,io.cucumber.testng.FeatureWrapper)[pri:0, instance:runner.TestRunner@55b0dcab]" started-at="2026-05-05T00:46:57 PDT" name="runScenario" description="Runs Cucumber Scenarios" data-provider="scenarios" finished-at="2026-05-05T00:46:58 PDT" duration-ms="511" status="PASS">
          <params>
            <param index="0">
              <value>
                <![CDATA["Verify DELETE batch by id "Delete_Batch_By_Id_Valid""]]>
              </value>
            </param>
            <param index="1">
              <value>
                <![CDATA["Validate Batch Module"]]>
              </value>
            </param>
          </params>
          <reporter-output>
          </reporter-output>
        </test-method> <!-- runScenario -->
        <test-method is-config="true" signature="tearDownClass()[pri:0, instance:runner.TestRunner@55b0dcab]" started-at="2026-05-05T00:46:58 PDT" name="tearDownClass" finished-at="2026-05-05T00:46:58 PDT" duration-ms="20" status="PASS">
          <reporter-output>
          </reporter-output>
        </test-method> <!-- tearDownClass -->
      </class> <!-- runner.TestRunner -->
    </test> <!-- Default test -->
  </suite> <!-- Default suite -->
</testng-results>
