<?xml version="1.0" encoding="UTF-8"?>
<testng-results ignored="0" total="69" passed="64" failed="5" skipped="0">
  <reporter-output>
  </reporter-output>
  <suite started-at="2026-05-04T23:09:06 PDT" name="Default suite" finished-at="2026-05-04T23:09:50 PDT" duration-ms="43937">
    <groups>
      <group name="cucumber">
        <method signature="AbstractTestNGCucumberTests.runScenario(io.cucumber.testng.PickleWrapper,io.cucumber.testng.FeatureWrapper)[pri:0, instance:runner.TestRunner@55b0dcab]" name="runScenario" class="io.cucumber.testng.AbstractTestNGCucumberTests"/>
      </group> <!-- cucumber -->
    </groups>
    <test started-at="2026-05-04T23:09:06 PDT" name="Default test" finished-at="2026-05-04T23:09:50 PDT" duration-ms="43937">
      <class name="runner.TestRunner">
        <test-method is-config="true" signature="setUpClass(org.testng.ITestContext)[pri:0, instance:runner.TestRunner@55b0dcab]" started-at="2026-05-04T23:09:06 PDT" name="setUpClass" finished-at="2026-05-04T23:09:06 PDT" duration-ms="595" status="PASS">
          <params>
            <param index="0">
              <value>
                <![CDATA[org.testng.TestRunner@50c9b080]]>
              </value>
            </param>
          </params>
          <reporter-output>
          </reporter-output>
        </test-method> <!-- setUpClass -->
        <test-method signature="runScenario(io.cucumber.testng.PickleWrapper,io.cucumber.testng.FeatureWrapper)[pri:0, instance:runner.TestRunner@55b0dcab]" started-at="2026-05-04T23:09:06 PDT" name="runScenario" description="Runs Cucumber Scenarios" data-provider="scenarios" finished-at="2026-05-04T23:09:10 PDT" duration-ms="3489" status="PASS">
          <params>
            <param index="0">
              <value>
                <![CDATA["Verify User Sign In with No Auth"]]>
              </value>
            </param>
            <param index="1">
              <value>
                <![CDATA["Validate User Login Module"]]>
              </value>
            </param>
          </params>
          <reporter-output>
          </reporter-output>
        </test-method> <!-- runScenario -->
        <test-method signature="runScenario(io.cucumber.testng.PickleWrapper,io.cucumber.testng.FeatureWrapper)[pri:0, instance:runner.TestRunner@55b0dcab]" started-at="2026-05-04T23:09:10 PDT" name="runScenario" description="Runs Cucumber Scenarios" data-provider="scenarios" finished-at="2026-05-04T23:09:10 PDT" duration-ms="535" status="PASS">
          <params>
            <param index="0">
              <value>
                <![CDATA["Verify User Sign In with No Auth"]]>
              </value>
            </param>
            <param index="1">
              <value>
                <![CDATA["Validate User Login Module"]]>
              </value>
            </param>
          </params>
          <reporter-output>
          </reporter-output>
        </test-method> <!-- runScenario -->
        <test-method signature="runScenario(io.cucumber.testng.PickleWrapper,io.cucumber.testng.FeatureWrapper)[pri:0, instance:runner.TestRunner@55b0dcab]" started-at="2026-05-04T23:09:10 PDT" name="runScenario" description="Runs Cucumber Scenarios" data-provider="scenarios" finished-at="2026-05-04T23:09:12 PDT" duration-ms="1433" status="PASS">
          <params>
            <param index="0">
              <value>
                <![CDATA["Verify User Sign In with No Auth"]]>
              </value>
            </param>
            <param index="1">
              <value>
                <![CDATA["Validate User Login Module"]]>
              </value>
            </param>
          </params>
          <reporter-output>
          </reporter-output>
        </test-method> <!-- runScenario -->
        <test-method signature="runScenario(io.cucumber.testng.PickleWrapper,io.cucumber.testng.FeatureWrapper)[pri:0, instance:runner.TestRunner@55b0dcab]" started-at="2026-05-04T23:09:12 PDT" name="runScenario" description="Runs Cucumber Scenarios" data-provider="scenarios" finished-at="2026-05-04T23:09:12 PDT" duration-ms="515" status="PASS">
          <params>
            <param index="0">
              <value>
                <![CDATA["Verify User Sign In with No Auth"]]>
              </value>
            </param>
            <param index="1">
              <value>
                <![CDATA["Validate User Login Module"]]>
              </value>
            </param>
          </params>
          <reporter-output>
          </reporter-output>
        </test-method> <!-- runScenario -->
        <test-method signature="runScenario(io.cucumber.testng.PickleWrapper,io.cucumber.testng.FeatureWrapper)[pri:0, instance:runner.TestRunner@55b0dcab]" started-at="2026-05-04T23:09:12 PDT" name="runScenario" description="Runs Cucumber Scenarios" data-provider="scenarios" finished-at="2026-05-04T23:09:13 PDT" duration-ms="1091" status="PASS">
          <params>
            <param index="0">
              <value>
                <![CDATA["Verify User Sign In with No Auth"]]>
              </value>
            </param>
            <param index="1">
              <value>
                <![CDATA["Validate User Login Module"]]>
              </value>
            </param>
          </params>
          <reporter-output>
          </reporter-output>
        </test-method> <!-- runScenario -->
        <test-method signature="runScenario(io.cucumber.testng.PickleWrapper,io.cucumber.testng.FeatureWrapper)[pri:0, instance:runner.TestRunner@55b0dcab]" started-at="2026-05-04T23:09:13 PDT" name="runScenario" description="Runs Cucumber Scenarios" data-provider="scenarios" finished-at="2026-05-04T23:09:14 PDT" duration-ms="502" status="PASS">
          <params>
            <param index="0">
              <value>
                <![CDATA["Verify User Sign In with No Auth"]]>
              </value>
            </param>
            <param index="1">
              <value>
                <![CDATA["Validate User Login Module"]]>
              </value>
            </param>
          </params>
          <reporter-output>
          </reporter-output>
        </test-method> <!-- runScenario -->
        <test-method signature="runScenario(io.cucumber.testng.PickleWrapper,io.cucumber.testng.FeatureWrapper)[pri:0, instance:runner.TestRunner@55b0dcab]" started-at="2026-05-04T23:09:14 PDT" name="runScenario" description="Runs Cucumber Scenarios" data-provider="scenarios" finished-at="2026-05-04T23:09:15 PDT" duration-ms="508" status="PASS">
          <params>
            <param index="0">
              <value>
                <![CDATA["Verify User Sign In with No Auth"]]>
              </value>
            </param>
            <param index="1">
              <value>
                <![CDATA["Validate User Login Module"]]>
              </value>
            </param>
          </params>
          <reporter-output>
          </reporter-output>
        </test-method> <!-- runScenario -->
        <test-method signature="runScenario(io.cucumber.testng.PickleWrapper,io.cucumber.testng.FeatureWrapper)[pri:0, instance:runner.TestRunner@55b0dcab]" started-at="2026-05-04T23:09:15 PDT" name="runScenario" description="Runs Cucumber Scenarios" data-provider="scenarios" finished-at="2026-05-04T23:09:15 PDT" duration-ms="543" status="PASS">
          <params>
            <param index="0">
              <value>
                <![CDATA["Verify User Sign In with No Auth"]]>
              </value>
            </param>
            <param index="1">
              <value>
                <![CDATA["Validate User Login Module"]]>
              </value>
            </param>
          </params>
          <reporter-output>
          </reporter-output>
        </test-method> <!-- runScenario -->
        <test-method signature="runScenario(io.cucumber.testng.PickleWrapper,io.cucumber.testng.FeatureWrapper)[pri:0, instance:runner.TestRunner@55b0dcab]" started-at="2026-05-04T23:09:15 PDT" name="runScenario" description="Runs Cucumber Scenarios" data-provider="scenarios" finished-at="2026-05-04T23:09:16 PDT" duration-ms="584" status="PASS">
          <params>
            <param index="0">
              <value>
                <![CDATA["Verify User Sign In with No Auth"]]>
              </value>
            </param>
            <param index="1">
              <value>
                <![CDATA["Validate User Login Module"]]>
              </value>
            </param>
          </params>
          <reporter-output>
          </reporter-output>
        </test-method> <!-- runScenario -->
        <test-method signature="runScenario(io.cucumber.testng.PickleWrapper,io.cucumber.testng.FeatureWrapper)[pri:0, instance:runner.TestRunner@55b0dcab]" started-at="2026-05-04T23:09:16 PDT" name="runScenario" description="Runs Cucumber Scenarios" data-provider="scenarios" finished-at="2026-05-04T23:09:16 PDT" duration-ms="595" status="PASS">
          <params>
            <param index="0">
              <value>
                <![CDATA["Verify User Sign In with No Auth"]]>
              </value>
            </param>
            <param index="1">
              <value>
                <![CDATA["Validate User Login Module"]]>
              </value>
            </param>
          </params>
          <reporter-output>
          </reporter-output>
        </test-method> <!-- runScenario -->
        <test-method signature="runScenario(io.cucumber.testng.PickleWrapper,io.cucumber.testng.FeatureWrapper)[pri:0, instance:runner.TestRunner@55b0dcab]" started-at="2026-05-04T23:09:16 PDT" name="runScenario" description="Runs Cucumber Scenarios" data-provider="scenarios" finished-at="2026-05-04T23:09:17 PDT" duration-ms="511" status="PASS">
          <params>
            <param index="0">
              <value>
                <![CDATA["Verify User Sign In with No Auth"]]>
              </value>
            </param>
            <param index="1">
              <value>
                <![CDATA["Validate User Login Module"]]>
              </value>
            </param>
          </params>
          <reporter-output>
          </reporter-output>
        </test-method> <!-- runScenario -->
        <test-method signature="runScenario(io.cucumber.testng.PickleWrapper,io.cucumber.testng.FeatureWrapper)[pri:0, instance:runner.TestRunner@55b0dcab]" started-at="2026-05-04T23:09:17 PDT" name="runScenario" description="Runs Cucumber Scenarios" data-provider="scenarios" finished-at="2026-05-04T23:09:17 PDT" duration-ms="551" status="PASS">
          <params>
            <param index="0">
              <value>
                <![CDATA["Verify User Sign In with No Auth"]]>
              </value>
            </param>
            <param index="1">
              <value>
                <![CDATA["Validate User Login Module"]]>
              </value>
            </param>
          </params>
          <reporter-output>
          </reporter-output>
        </test-method> <!-- runScenario -->
        <test-method signature="runScenario(io.cucumber.testng.PickleWrapper,io.cucumber.testng.FeatureWrapper)[pri:0, instance:runner.TestRunner@55b0dcab]" started-at="2026-05-04T23:09:17 PDT" name="runScenario" description="Runs Cucumber Scenarios" data-provider="scenarios" finished-at="2026-05-04T23:09:18 PDT" duration-ms="527" status="PASS">
          <params>
            <param index="0">
              <value>
                <![CDATA["Verify User Sign In with No Auth"]]>
              </value>
            </param>
            <param index="1">
              <value>
                <![CDATA["Validate User Login Module"]]>
              </value>
            </param>
          </params>
          <reporter-output>
          </reporter-output>
        </test-method> <!-- runScenario -->
        <test-method signature="runScenario(io.cucumber.testng.PickleWrapper,io.cucumber.testng.FeatureWrapper)[pri:0, instance:runner.TestRunner@55b0dcab]" started-at="2026-05-04T23:09:18 PDT" name="runScenario" description="Runs Cucumber Scenarios" data-provider="scenarios" finished-at="2026-05-04T23:09:18 PDT" duration-ms="569" status="FAIL">
          <params>
            <param index="0">
              <value>
                <![CDATA["Verify User Sign In with No Auth"]]>
              </value>
            </param>
            <param index="1">
              <value>
                <![CDATA["Validate User Login Module"]]>
              </value>
            </param>
          </params>
          <exception class="java.lang.AssertionError">
            <message>
              <![CDATA[
Expected to find: [password must contain atleast 8 to max 32 characters, a capital letter, a small letter, a special character, a number and no space] 
But returned: [{"password":"Password is mandatory","userLoginEmailId":"EmailId is mandatory"}] expected [true] but found [false]]]>
            </message>
            <full-stacktrace>
              <![CDATA[java.lang.AssertionError: 
Expected to find: [password must contain atleast 8 to max 32 characters, a capital letter, a small letter, a special character, a number and no space] 
But returned: [{"password":"Password is mandatory","userLoginEmailId":"EmailId is mandatory"}] expected [true] but found [false]
at org.testng.Assert.fail(Assert.java:111)
at org.testng.Assert.failNotEquals(Assert.java:1590)
at org.testng.Assert.assertTrue(Assert.java:57)
at stepDefinitions.LoginStepDef.the_response_should_match_the_expected_validation_message_from_excel(LoginStepDef.java:111)
at ✽.the response should match the expected validation message from Excel(file:///C:/Users/saphi/eclipse-workspace/Team03_RestfulNinjas_LMS_Hackathon/src/test/resources/features/TC01_Login.feature:9)
]]>
            </full-stacktrace>
          </exception> <!-- java.lang.AssertionError -->
          <reporter-output>
          </reporter-output>
        </test-method> <!-- runScenario -->
        <test-method signature="runScenario(io.cucumber.testng.PickleWrapper,io.cucumber.testng.FeatureWrapper)[pri:0, instance:runner.TestRunner@55b0dcab]" started-at="2026-05-04T23:09:18 PDT" name="runScenario" description="Runs Cucumber Scenarios" data-provider="scenarios" finished-at="2026-05-04T23:09:19 PDT" duration-ms="529" status="PASS">
          <params>
            <param index="0">
              <value>
                <![CDATA["Verify login with Invalid Method"]]>
              </value>
            </param>
            <param index="1">
              <value>
                <![CDATA["Validate User Login Module"]]>
              </value>
            </param>
          </params>
          <reporter-output>
          </reporter-output>
        </test-method> <!-- runScenario -->
        <test-method signature="runScenario(io.cucumber.testng.PickleWrapper,io.cucumber.testng.FeatureWrapper)[pri:0, instance:runner.TestRunner@55b0dcab]" started-at="2026-05-04T23:09:19 PDT" name="runScenario" description="Runs Cucumber Scenarios" data-provider="scenarios" finished-at="2026-05-04T23:09:20 PDT" duration-ms="1254" status="PASS">
          <params>
            <param index="0">
              <value>
                <![CDATA["Verify Forgot Password functionality"]]>
              </value>
            </param>
            <param index="1">
              <value>
                <![CDATA["Validate User Login Module"]]>
              </value>
            </param>
          </params>
          <reporter-output>
          </reporter-output>
        </test-method> <!-- runScenario -->
        <test-method signature="runScenario(io.cucumber.testng.PickleWrapper,io.cucumber.testng.FeatureWrapper)[pri:0, instance:runner.TestRunner@55b0dcab]" started-at="2026-05-04T23:09:20 PDT" name="runScenario" description="Runs Cucumber Scenarios" data-provider="scenarios" finished-at="2026-05-04T23:09:21 PDT" duration-ms="513" status="PASS">
          <params>
            <param index="0">
              <value>
                <![CDATA["Verify Forgot Password functionality"]]>
              </value>
            </param>
            <param index="1">
              <value>
                <![CDATA["Validate User Login Module"]]>
              </value>
            </param>
          </params>
          <reporter-output>
          </reporter-output>
        </test-method> <!-- runScenario -->
        <test-method signature="runScenario(io.cucumber.testng.PickleWrapper,io.cucumber.testng.FeatureWrapper)[pri:0, instance:runner.TestRunner@55b0dcab]" started-at="2026-05-04T23:09:21 PDT" name="runScenario" description="Runs Cucumber Scenarios" data-provider="scenarios" finished-at="2026-05-04T23:09:21 PDT" duration-ms="493" status="PASS">
          <params>
            <param index="0">
              <value>
                <![CDATA["Verify Forgot Password functionality"]]>
              </value>
            </param>
            <param index="1">
              <value>
                <![CDATA["Validate User Login Module"]]>
              </value>
            </param>
          </params>
          <reporter-output>
          </reporter-output>
        </test-method> <!-- runScenario -->
        <test-method signature="runScenario(io.cucumber.testng.PickleWrapper,io.cucumber.testng.FeatureWrapper)[pri:0, instance:runner.TestRunner@55b0dcab]" started-at="2026-05-04T23:09:21 PDT" name="runScenario" description="Runs Cucumber Scenarios" data-provider="scenarios" finished-at="2026-05-04T23:09:22 PDT" duration-ms="506" status="PASS">
          <params>
            <param index="0">
              <value>
                <![CDATA["Verify Forgot Password functionality"]]>
              </value>
            </param>
            <param index="1">
              <value>
                <![CDATA["Validate User Login Module"]]>
              </value>
            </param>
          </params>
          <reporter-output>
          </reporter-output>
        </test-method> <!-- runScenario -->
        <test-method signature="runScenario(io.cucumber.testng.PickleWrapper,io.cucumber.testng.FeatureWrapper)[pri:0, instance:runner.TestRunner@55b0dcab]" started-at="2026-05-04T23:09:22 PDT" name="runScenario" description="Runs Cucumber Scenarios" data-provider="scenarios" finished-at="2026-05-04T23:09:22 PDT" duration-ms="481" status="PASS">
          <params>
            <param index="0">
              <value>
                <![CDATA["Verify Forgot Password functionality"]]>
              </value>
            </param>
            <param index="1">
              <value>
                <![CDATA["Validate User Login Module"]]>
              </value>
            </param>
          </params>
          <reporter-output>
          </reporter-output>
        </test-method> <!-- runScenario -->
        <test-method signature="runScenario(io.cucumber.testng.PickleWrapper,io.cucumber.testng.FeatureWrapper)[pri:0, instance:runner.TestRunner@55b0dcab]" started-at="2026-05-04T23:09:22 PDT" name="runScenario" description="Runs Cucumber Scenarios" data-provider="scenarios" finished-at="2026-05-04T23:09:23 PDT" duration-ms="496" status="PASS">
          <params>
            <param index="0">
              <value>
                <![CDATA["Verify Forgot Password functionality"]]>
              </value>
            </param>
            <param index="1">
              <value>
                <![CDATA["Validate User Login Module"]]>
              </value>
            </param>
          </params>
          <reporter-output>
          </reporter-output>
        </test-method> <!-- runScenario -->
        <test-method signature="runScenario(io.cucumber.testng.PickleWrapper,io.cucumber.testng.FeatureWrapper)[pri:0, instance:runner.TestRunner@55b0dcab]" started-at="2026-05-04T23:09:23 PDT" name="runScenario" description="Runs Cucumber Scenarios" data-provider="scenarios" finished-at="2026-05-04T23:09:23 PDT" duration-ms="505" status="PASS">
          <params>
            <param index="0">
              <value>
                <![CDATA["Verify  if Admin logs out with invalid token"]]>
              </value>
            </param>
            <param index="1">
              <value>
                <![CDATA["Validate User Login Module"]]>
              </value>
            </param>
          </params>
          <reporter-output>
          </reporter-output>
        </test-method> <!-- runScenario -->
        <test-method signature="runScenario(io.cucumber.testng.PickleWrapper,io.cucumber.testng.FeatureWrapper)[pri:0, instance:runner.TestRunner@55b0dcab]" started-at="2026-05-04T23:09:23 PDT" name="runScenario" description="Runs Cucumber Scenarios" data-provider="scenarios" finished-at="2026-05-04T23:09:24 PDT" duration-ms="564" status="PASS">
          <params>
            <param index="0">
              <value>
                <![CDATA["Verify Admin logs out with no authorization"]]>
              </value>
            </param>
            <param index="1">
              <value>
                <![CDATA["Validate User Login Module"]]>
              </value>
            </param>
          </params>
          <reporter-output>
          </reporter-output>
        </test-method> <!-- runScenario -->
        <test-method signature="runScenario(io.cucumber.testng.PickleWrapper,io.cucumber.testng.FeatureWrapper)[pri:0, instance:runner.TestRunner@55b0dcab]" started-at="2026-05-04T23:09:24 PDT" name="runScenario" description="Runs Cucumber Scenarios" data-provider="scenarios" finished-at="2026-05-04T23:09:24 PDT" duration-ms="470" status="PASS">
          <params>
            <param index="0">
              <value>
                <![CDATA["Verify Admin logs out with invalid method"]]>
              </value>
            </param>
            <param index="1">
              <value>
                <![CDATA["Validate User Login Module"]]>
              </value>
            </param>
          </params>
          <reporter-output>
          </reporter-output>
        </test-method> <!-- runScenario -->
        <test-method signature="runScenario(io.cucumber.testng.PickleWrapper,io.cucumber.testng.FeatureWrapper)[pri:0, instance:runner.TestRunner@55b0dcab]" started-at="2026-05-04T23:09:24 PDT" name="runScenario" description="Runs Cucumber Scenarios" data-provider="scenarios" finished-at="2026-05-04T23:09:25 PDT" duration-ms="538" status="PASS">
          <params>
            <param index="0">
              <value>
                <![CDATA["Verify Admin resets password with invalid method"]]>
              </value>
            </param>
            <param index="1">
              <value>
                <![CDATA["Validate User Login Module"]]>
              </value>
            </param>
          </params>
          <reporter-output>
          </reporter-output>
        </test-method> <!-- runScenario -->
        <test-method signature="runScenario(io.cucumber.testng.PickleWrapper,io.cucumber.testng.FeatureWrapper)[pri:0, instance:runner.TestRunner@55b0dcab]" started-at="2026-05-04T23:09:25 PDT" name="runScenario" description="Runs Cucumber Scenarios" data-provider="scenarios" finished-at="2026-05-04T23:09:25 PDT" duration-ms="677" status="PASS">
          <params>
            <param index="0">
              <value>
                <![CDATA["Verify if admin is able to create a Program"]]>
              </value>
            </param>
            <param index="1">
              <value>
                <![CDATA["Validate Program Module"]]>
              </value>
            </param>
          </params>
          <reporter-output>
          </reporter-output>
        </test-method> <!-- runScenario -->
        <test-method signature="runScenario(io.cucumber.testng.PickleWrapper,io.cucumber.testng.FeatureWrapper)[pri:0, instance:runner.TestRunner@55b0dcab]" started-at="2026-05-04T23:09:25 PDT" name="runScenario" description="Runs Cucumber Scenarios" data-provider="scenarios" finished-at="2026-05-04T23:09:26 PDT" duration-ms="500" status="PASS">
          <params>
            <param index="0">
              <value>
                <![CDATA["Verify if admin is able to create a Program"]]>
              </value>
            </param>
            <param index="1">
              <value>
                <![CDATA["Validate Program Module"]]>
              </value>
            </param>
          </params>
          <reporter-output>
          </reporter-output>
        </test-method> <!-- runScenario -->
        <test-method signature="runScenario(io.cucumber.testng.PickleWrapper,io.cucumber.testng.FeatureWrapper)[pri:0, instance:runner.TestRunner@55b0dcab]" started-at="2026-05-04T23:09:26 PDT" name="runScenario" description="Runs Cucumber Scenarios" data-provider="scenarios" finished-at="2026-05-04T23:09:26 PDT" duration-ms="505" status="PASS">
          <params>
            <param index="0">
              <value>
                <![CDATA["Verify if admin is able to create a Program"]]>
              </value>
            </param>
            <param index="1">
              <value>
                <![CDATA["Validate Program Module"]]>
              </value>
            </param>
          </params>
          <reporter-output>
          </reporter-output>
        </test-method> <!-- runScenario -->
        <test-method signature="runScenario(io.cucumber.testng.PickleWrapper,io.cucumber.testng.FeatureWrapper)[pri:0, instance:runner.TestRunner@55b0dcab]" started-at="2026-05-04T23:09:26 PDT" name="runScenario" description="Runs Cucumber Scenarios" data-provider="scenarios" finished-at="2026-05-04T23:09:27 PDT" duration-ms="499" status="PASS">
          <params>
            <param index="0">
              <value>
                <![CDATA["Verify if admin is able to create a Program"]]>
              </value>
            </param>
            <param index="1">
              <value>
                <![CDATA["Validate Program Module"]]>
              </value>
            </param>
          </params>
          <reporter-output>
          </reporter-output>
        </test-method> <!-- runScenario -->
        <test-method signature="runScenario(io.cucumber.testng.PickleWrapper,io.cucumber.testng.FeatureWrapper)[pri:0, instance:runner.TestRunner@55b0dcab]" started-at="2026-05-04T23:09:27 PDT" name="runScenario" description="Runs Cucumber Scenarios" data-provider="scenarios" finished-at="2026-05-04T23:09:28 PDT" duration-ms="602" status="PASS">
          <params>
            <param index="0">
              <value>
                <![CDATA["Verify if admin is able to create a Program"]]>
              </value>
            </param>
            <param index="1">
              <value>
                <![CDATA["Validate Program Module"]]>
              </value>
            </param>
          </params>
          <reporter-output>
          </reporter-output>
        </test-method> <!-- runScenario -->
        <test-method signature="runScenario(io.cucumber.testng.PickleWrapper,io.cucumber.testng.FeatureWrapper)[pri:0, instance:runner.TestRunner@55b0dcab]" started-at="2026-05-04T23:09:28 PDT" name="runScenario" description="Runs Cucumber Scenarios" data-provider="scenarios" finished-at="2026-05-04T23:09:28 PDT" duration-ms="518" status="PASS">
          <params>
            <param index="0">
              <value>
                <![CDATA["Verify if admin is able to create a Program"]]>
              </value>
            </param>
            <param index="1">
              <value>
                <![CDATA["Validate Program Module"]]>
              </value>
            </param>
          </params>
          <reporter-output>
          </reporter-output>
        </test-method> <!-- runScenario -->
        <test-method signature="runScenario(io.cucumber.testng.PickleWrapper,io.cucumber.testng.FeatureWrapper)[pri:0, instance:runner.TestRunner@55b0dcab]" started-at="2026-05-04T23:09:28 PDT" name="runScenario" description="Runs Cucumber Scenarios" data-provider="scenarios" finished-at="2026-05-04T23:09:29 PDT" duration-ms="500" status="PASS">
          <params>
            <param index="0">
              <value>
                <![CDATA["Verify if admin is able to create a Program"]]>
              </value>
            </param>
            <param index="1">
              <value>
                <![CDATA["Validate Program Module"]]>
              </value>
            </param>
          </params>
          <reporter-output>
          </reporter-output>
        </test-method> <!-- runScenario -->
        <test-method signature="runScenario(io.cucumber.testng.PickleWrapper,io.cucumber.testng.FeatureWrapper)[pri:0, instance:runner.TestRunner@55b0dcab]" started-at="2026-05-04T23:09:29 PDT" name="runScenario" description="Runs Cucumber Scenarios" data-provider="scenarios" finished-at="2026-05-04T23:09:29 PDT" duration-ms="571" status="PASS">
          <params>
            <param index="0">
              <value>
                <![CDATA["Verify if admin is able to create a Program"]]>
              </value>
            </param>
            <param index="1">
              <value>
                <![CDATA["Validate Program Module"]]>
              </value>
            </param>
          </params>
          <reporter-output>
          </reporter-output>
        </test-method> <!-- runScenario -->
        <test-method signature="runScenario(io.cucumber.testng.PickleWrapper,io.cucumber.testng.FeatureWrapper)[pri:0, instance:runner.TestRunner@55b0dcab]" started-at="2026-05-04T23:09:29 PDT" name="runScenario" description="Runs Cucumber Scenarios" data-provider="scenarios" finished-at="2026-05-04T23:09:30 PDT" duration-ms="587" status="PASS">
          <params>
            <param index="0">
              <value>
                <![CDATA["Verify if admin is able to create a Program"]]>
              </value>
            </param>
            <param index="1">
              <value>
                <![CDATA["Validate Program Module"]]>
              </value>
            </param>
          </params>
          <reporter-output>
          </reporter-output>
        </test-method> <!-- runScenario -->
        <test-method signature="runScenario(io.cucumber.testng.PickleWrapper,io.cucumber.testng.FeatureWrapper)[pri:0, instance:runner.TestRunner@55b0dcab]" started-at="2026-05-04T23:09:30 PDT" name="runScenario" description="Runs Cucumber Scenarios" data-provider="scenarios" finished-at="2026-05-04T23:09:30 PDT" duration-ms="502" status="PASS">
          <params>
            <param index="0">
              <value>
                <![CDATA["Verify if admin is able to create a Program"]]>
              </value>
            </param>
            <param index="1">
              <value>
                <![CDATA["Validate Program Module"]]>
              </value>
            </param>
          </params>
          <reporter-output>
          </reporter-output>
        </test-method> <!-- runScenario -->
        <test-method signature="runScenario(io.cucumber.testng.PickleWrapper,io.cucumber.testng.FeatureWrapper)[pri:0, instance:runner.TestRunner@55b0dcab]" started-at="2026-05-04T23:09:30 PDT" name="runScenario" description="Runs Cucumber Scenarios" data-provider="scenarios" finished-at="2026-05-04T23:09:31 PDT" duration-ms="532" status="PASS">
          <params>
            <param index="0">
              <value>
                <![CDATA["Verify if admin is able to create a Program"]]>
              </value>
            </param>
            <param index="1">
              <value>
                <![CDATA["Validate Program Module"]]>
              </value>
            </param>
          </params>
          <reporter-output>
          </reporter-output>
        </test-method> <!-- runScenario -->
        <test-method signature="runScenario(io.cucumber.testng.PickleWrapper,io.cucumber.testng.FeatureWrapper)[pri:0, instance:runner.TestRunner@55b0dcab]" started-at="2026-05-04T23:09:31 PDT" name="runScenario" description="Runs Cucumber Scenarios" data-provider="scenarios" finished-at="2026-05-04T23:09:31 PDT" duration-ms="475" status="PASS">
          <params>
            <param index="0">
              <value>
                <![CDATA["Verify if admin for GET All Programs"]]>
              </value>
            </param>
            <param index="1">
              <value>
                <![CDATA["Validate Program Module"]]>
              </value>
            </param>
          </params>
          <reporter-output>
          </reporter-output>
        </test-method> <!-- runScenario -->
        <test-method signature="runScenario(io.cucumber.testng.PickleWrapper,io.cucumber.testng.FeatureWrapper)[pri:0, instance:runner.TestRunner@55b0dcab]" started-at="2026-05-04T23:09:31 PDT" name="runScenario" description="Runs Cucumber Scenarios" data-provider="scenarios" finished-at="2026-05-04T23:09:32 PDT" duration-ms="530" status="PASS">
          <params>
            <param index="0">
              <value>
                <![CDATA["Verify if admin for GET All Programs"]]>
              </value>
            </param>
            <param index="1">
              <value>
                <![CDATA["Validate Program Module"]]>
              </value>
            </param>
          </params>
          <reporter-output>
          </reporter-output>
        </test-method> <!-- runScenario -->
        <test-method signature="runScenario(io.cucumber.testng.PickleWrapper,io.cucumber.testng.FeatureWrapper)[pri:0, instance:runner.TestRunner@55b0dcab]" started-at="2026-05-04T23:09:32 PDT" name="runScenario" description="Runs Cucumber Scenarios" data-provider="scenarios" finished-at="2026-05-04T23:09:33 PDT" duration-ms="1304" status="PASS">
          <params>
            <param index="0">
              <value>
                <![CDATA["Verify if admin for GET All Programs"]]>
              </value>
            </param>
            <param index="1">
              <value>
                <![CDATA["Validate Program Module"]]>
              </value>
            </param>
          </params>
          <reporter-output>
          </reporter-output>
        </test-method> <!-- runScenario -->
        <test-method signature="runScenario(io.cucumber.testng.PickleWrapper,io.cucumber.testng.FeatureWrapper)[pri:0, instance:runner.TestRunner@55b0dcab]" started-at="2026-05-04T23:09:33 PDT" name="runScenario" description="Runs Cucumber Scenarios" data-provider="scenarios" finished-at="2026-05-04T23:09:34 PDT" duration-ms="594" status="PASS">
          <params>
            <param index="0">
              <value>
                <![CDATA["Verify POST Batch creation "Mandatory_Optional_Fields""]]>
              </value>
            </param>
            <param index="1">
              <value>
                <![CDATA["Validate Batch Module"]]>
              </value>
            </param>
          </params>
          <reporter-output>
          </reporter-output>
        </test-method> <!-- runScenario -->
        <test-method signature="runScenario(io.cucumber.testng.PickleWrapper,io.cucumber.testng.FeatureWrapper)[pri:0, instance:runner.TestRunner@55b0dcab]" started-at="2026-05-04T23:09:34 PDT" name="runScenario" description="Runs Cucumber Scenarios" data-provider="scenarios" finished-at="2026-05-04T23:09:34 PDT" duration-ms="511" status="PASS">
          <params>
            <param index="0">
              <value>
                <![CDATA["Verify POST Batch creation "Mandatory_Only_Fields""]]>
              </value>
            </param>
            <param index="1">
              <value>
                <![CDATA["Validate Batch Module"]]>
              </value>
            </param>
          </params>
          <reporter-output>
          </reporter-output>
        </test-method> <!-- runScenario -->
        <test-method signature="runScenario(io.cucumber.testng.PickleWrapper,io.cucumber.testng.FeatureWrapper)[pri:0, instance:runner.TestRunner@55b0dcab]" started-at="2026-05-04T23:09:34 PDT" name="runScenario" description="Runs Cucumber Scenarios" data-provider="scenarios" finished-at="2026-05-04T23:09:35 PDT" duration-ms="506" status="PASS">
          <params>
            <param index="0">
              <value>
                <![CDATA["Verify POST Batch creation "Optional_Only_Fields""]]>
              </value>
            </param>
            <param index="1">
              <value>
                <![CDATA["Validate Batch Module"]]>
              </value>
            </param>
          </params>
          <reporter-output>
          </reporter-output>
        </test-method> <!-- runScenario -->
        <test-method signature="runScenario(io.cucumber.testng.PickleWrapper,io.cucumber.testng.FeatureWrapper)[pri:0, instance:runner.TestRunner@55b0dcab]" started-at="2026-05-04T23:09:35 PDT" name="runScenario" description="Runs Cucumber Scenarios" data-provider="scenarios" finished-at="2026-05-04T23:09:35 PDT" duration-ms="541" status="PASS">
          <params>
            <param index="0">
              <value>
                <![CDATA["Verify POST Batch creation "ProgramName_Mismatch""]]>
              </value>
            </param>
            <param index="1">
              <value>
                <![CDATA["Validate Batch Module"]]>
              </value>
            </param>
          </params>
          <reporter-output>
          </reporter-output>
        </test-method> <!-- runScenario -->
        <test-method signature="runScenario(io.cucumber.testng.PickleWrapper,io.cucumber.testng.FeatureWrapper)[pri:0, instance:runner.TestRunner@55b0dcab]" started-at="2026-05-04T23:09:35 PDT" name="runScenario" description="Runs Cucumber Scenarios" data-provider="scenarios" finished-at="2026-05-04T23:09:36 PDT" duration-ms="498" status="PASS">
          <params>
            <param index="0">
              <value>
                <![CDATA["Verify POST Batch creation "Inactive_ProgramId""]]>
              </value>
            </param>
            <param index="1">
              <value>
                <![CDATA["Validate Batch Module"]]>
              </value>
            </param>
          </params>
          <reporter-output>
          </reporter-output>
        </test-method> <!-- runScenario -->
        <test-method signature="runScenario(io.cucumber.testng.PickleWrapper,io.cucumber.testng.FeatureWrapper)[pri:0, instance:runner.TestRunner@55b0dcab]" started-at="2026-05-04T23:09:36 PDT" name="runScenario" description="Runs Cucumber Scenarios" data-provider="scenarios" finished-at="2026-05-04T23:09:36 PDT" duration-ms="485" status="PASS">
          <params>
            <param index="0">
              <value>
                <![CDATA["Verify POST Batch creation "ProgramId_NotExist""]]>
              </value>
            </param>
            <param index="1">
              <value>
                <![CDATA["Validate Batch Module"]]>
              </value>
            </param>
          </params>
          <reporter-output>
          </reporter-output>
        </test-method> <!-- runScenario -->
        <test-method signature="runScenario(io.cucumber.testng.PickleWrapper,io.cucumber.testng.FeatureWrapper)[pri:0, instance:runner.TestRunner@55b0dcab]" started-at="2026-05-04T23:09:36 PDT" name="runScenario" description="Runs Cucumber Scenarios" data-provider="scenarios" finished-at="2026-05-04T23:09:37 PDT" duration-ms="518" status="PASS">
          <params>
            <param index="0">
              <value>
                <![CDATA["Verify POST Batch creation "BatchName_No_Underscore""]]>
              </value>
            </param>
            <param index="1">
              <value>
                <![CDATA["Validate Batch Module"]]>
              </value>
            </param>
          </params>
          <reporter-output>
          </reporter-output>
        </test-method> <!-- runScenario -->
        <test-method signature="runScenario(io.cucumber.testng.PickleWrapper,io.cucumber.testng.FeatureWrapper)[pri:0, instance:runner.TestRunner@55b0dcab]" started-at="2026-05-04T23:09:37 PDT" name="runScenario" description="Runs Cucumber Scenarios" data-provider="scenarios" finished-at="2026-05-04T23:09:37 PDT" duration-ms="516" status="PASS">
          <params>
            <param index="0">
              <value>
                <![CDATA["Verify POST Batch creation "BatchName_Hyphen""]]>
              </value>
            </param>
            <param index="1">
              <value>
                <![CDATA["Validate Batch Module"]]>
              </value>
            </param>
          </params>
          <reporter-output>
          </reporter-output>
        </test-method> <!-- runScenario -->
        <test-method signature="runScenario(io.cucumber.testng.PickleWrapper,io.cucumber.testng.FeatureWrapper)[pri:0, instance:runner.TestRunner@55b0dcab]" started-at="2026-05-04T23:09:37 PDT" name="runScenario" description="Runs Cucumber Scenarios" data-provider="scenarios" finished-at="2026-05-04T23:09:38 PDT" duration-ms="520" status="PASS">
          <params>
            <param index="0">
              <value>
                <![CDATA["Verify POST Batch creation "BatchName_Char_Suffix""]]>
              </value>
            </param>
            <param index="1">
              <value>
                <![CDATA["Validate Batch Module"]]>
              </value>
            </param>
          </params>
          <reporter-output>
          </reporter-output>
        </test-method> <!-- runScenario -->
        <test-method signature="runScenario(io.cucumber.testng.PickleWrapper,io.cucumber.testng.FeatureWrapper)[pri:0, instance:runner.TestRunner@55b0dcab]" started-at="2026-05-04T23:09:38 PDT" name="runScenario" description="Runs Cucumber Scenarios" data-provider="scenarios" finished-at="2026-05-04T23:09:38 PDT" duration-ms="473" status="PASS">
          <params>
            <param index="0">
              <value>
                <![CDATA["Verify POST Batch creation "BatchName_Special_Suffix""]]>
              </value>
            </param>
            <param index="1">
              <value>
                <![CDATA["Validate Batch Module"]]>
              </value>
            </param>
          </params>
          <reporter-output>
          </reporter-output>
        </test-method> <!-- runScenario -->
        <test-method signature="runScenario(io.cucumber.testng.PickleWrapper,io.cucumber.testng.FeatureWrapper)[pri:0, instance:runner.TestRunner@55b0dcab]" started-at="2026-05-04T23:09:38 PDT" name="runScenario" description="Runs Cucumber Scenarios" data-provider="scenarios" finished-at="2026-05-04T23:09:39 PDT" duration-ms="466" status="PASS">
          <params>
            <param index="0">
              <value>
                <![CDATA["Verify POST Batch creation "BatchName_Too_Long""]]>
              </value>
            </param>
            <param index="1">
              <value>
                <![CDATA["Validate Batch Module"]]>
              </value>
            </param>
          </params>
          <reporter-output>
          </reporter-output>
        </test-method> <!-- runScenario -->
        <test-method signature="runScenario(io.cucumber.testng.PickleWrapper,io.cucumber.testng.FeatureWrapper)[pri:0, instance:runner.TestRunner@55b0dcab]" started-at="2026-05-04T23:09:39 PDT" name="runScenario" description="Runs Cucumber Scenarios" data-provider="scenarios" finished-at="2026-05-04T23:09:39 PDT" duration-ms="600" status="FAIL">
          <params>
            <param index="0">
              <value>
                <![CDATA["Verify POST Batch creation "BatchName_Too_Short""]]>
              </value>
            </param>
            <param index="1">
              <value>
                <![CDATA["Validate Batch Module"]]>
              </value>
            </param>
          </params>
          <exception class="java.lang.AssertionError">
            <message>
              <![CDATA[1 expectation failed.
Expected status code <400> but was <201>.
]]>
            </message>
            <full-stacktrace>
              <![CDATA[java.lang.AssertionError: 1 expectation failed.
Expected status code <400> but was <201>.

at org.codehaus.groovy.vmplugin.v8.IndyInterface.fromCache(IndyInterface.java:344)
at io.restassured.internal.ResponseSpecificationImpl$HamcrestAssertionClosure.validate(ResponseSpecificationImpl.groovy:516)
at org.codehaus.groovy.vmplugin.v8.IndyInterface.fromCache(IndyInterface.java:344)
at io.restassured.internal.ResponseSpecificationImpl.validateResponseIfRequired(ResponseSpecificationImpl.groovy:714)
at org.codehaus.groovy.vmplugin.v8.IndyInterface.fromCache(IndyInterface.java:344)
at io.restassured.internal.ResponseSpecificationImpl.statusCode(ResponseSpecificationImpl.groovy:139)
at org.codehaus.groovy.vmplugin.v8.IndyInterface.fromCache(IndyInterface.java:344)
at io.restassured.internal.ResponseSpecificationImpl.statusCode(ResponseSpecificationImpl.groovy:147)
at io.restassured.internal.ValidatableResponseOptionsImpl.statusCode(ValidatableResponseOptionsImpl.java:89)
at stepDefinitions.BatchStepDef.admin_receives_expected_status_code_from_excel_validate_post_batch_response(BatchStepDef.java:137)
at ✽.Admin receives expected status code from excel, validate POST batch response(file:///C:/Users/saphi/eclipse-workspace/Team03_RestfulNinjas_LMS_Hackathon/src/test/resources/features/TC03_Batch.feature:12)
]]>
            </full-stacktrace>
          </exception> <!-- java.lang.AssertionError -->
          <reporter-output>
          </reporter-output>
        </test-method> <!-- runScenario -->
        <test-method signature="runScenario(io.cucumber.testng.PickleWrapper,io.cucumber.testng.FeatureWrapper)[pri:0, instance:runner.TestRunner@55b0dcab]" started-at="2026-05-04T23:09:39 PDT" name="runScenario" description="Runs Cucumber Scenarios" data-provider="scenarios" finished-at="2026-05-04T23:09:40 PDT" duration-ms="494" status="PASS">
          <params>
            <param index="0">
              <value>
                <![CDATA["Verify POST Batch creation "BatchName_Duplicate""]]>
              </value>
            </param>
            <param index="1">
              <value>
                <![CDATA["Validate Batch Module"]]>
              </value>
            </param>
          </params>
          <reporter-output>
          </reporter-output>
        </test-method> <!-- runScenario -->
        <test-method signature="runScenario(io.cucumber.testng.PickleWrapper,io.cucumber.testng.FeatureWrapper)[pri:0, instance:runner.TestRunner@55b0dcab]" started-at="2026-05-04T23:09:40 PDT" name="runScenario" description="Runs Cucumber Scenarios" data-provider="scenarios" finished-at="2026-05-04T23:09:40 PDT" duration-ms="539" status="FAIL">
          <params>
            <param index="0">
              <value>
                <![CDATA["Verify POST Batch creation "Description_Too_Short""]]>
              </value>
            </param>
            <param index="1">
              <value>
                <![CDATA["Validate Batch Module"]]>
              </value>
            </param>
          </params>
          <exception class="java.lang.AssertionError">
            <message>
              <![CDATA[1 expectation failed.
Expected status code <400> but was <201>.
]]>
            </message>
            <full-stacktrace>
              <![CDATA[java.lang.AssertionError: 1 expectation failed.
Expected status code <400> but was <201>.

at org.codehaus.groovy.vmplugin.v8.IndyInterface.fromCache(IndyInterface.java:344)
at io.restassured.internal.ResponseSpecificationImpl$HamcrestAssertionClosure.validate(ResponseSpecificationImpl.groovy:516)
at org.codehaus.groovy.vmplugin.v8.IndyInterface.fromCache(IndyInterface.java:344)
at io.restassured.internal.ResponseSpecificationImpl.validateResponseIfRequired(ResponseSpecificationImpl.groovy:714)
at org.codehaus.groovy.vmplugin.v8.IndyInterface.fromCache(IndyInterface.java:344)
at io.restassured.internal.ResponseSpecificationImpl.statusCode(ResponseSpecificationImpl.groovy:139)
at org.codehaus.groovy.vmplugin.v8.IndyInterface.fromCache(IndyInterface.java:344)
at io.restassured.internal.ResponseSpecificationImpl.statusCode(ResponseSpecificationImpl.groovy:147)
at io.restassured.internal.ValidatableResponseOptionsImpl.statusCode(ValidatableResponseOptionsImpl.java:89)
at stepDefinitions.BatchStepDef.admin_receives_expected_status_code_from_excel_validate_post_batch_response(BatchStepDef.java:137)
at ✽.Admin receives expected status code from excel, validate POST batch response(file:///C:/Users/saphi/eclipse-workspace/Team03_RestfulNinjas_LMS_Hackathon/src/test/resources/features/TC03_Batch.feature:12)
]]>
            </full-stacktrace>
          </exception> <!-- java.lang.AssertionError -->
          <reporter-output>
          </reporter-output>
        </test-method> <!-- runScenario -->
        <test-method signature="runScenario(io.cucumber.testng.PickleWrapper,io.cucumber.testng.FeatureWrapper)[pri:0, instance:runner.TestRunner@55b0dcab]" started-at="2026-05-04T23:09:40 PDT" name="runScenario" description="Runs Cucumber Scenarios" data-provider="scenarios" finished-at="2026-05-04T23:09:41 PDT" duration-ms="491" status="FAIL">
          <params>
            <param index="0">
              <value>
                <![CDATA["Verify POST Batch creation "Description_Too_Long""]]>
              </value>
            </param>
            <param index="1">
              <value>
                <![CDATA["Validate Batch Module"]]>
              </value>
            </param>
          </params>
          <exception class="java.lang.AssertionError">
            <message>
              <![CDATA[1 expectation failed.
Expected status code <400> but was <201>.
]]>
            </message>
            <full-stacktrace>
              <![CDATA[java.lang.AssertionError: 1 expectation failed.
Expected status code <400> but was <201>.

at org.codehaus.groovy.vmplugin.v8.IndyInterface.fromCache(IndyInterface.java:344)
at io.restassured.internal.ResponseSpecificationImpl$HamcrestAssertionClosure.validate(ResponseSpecificationImpl.groovy:516)
at org.codehaus.groovy.vmplugin.v8.IndyInterface.fromCache(IndyInterface.java:344)
at io.restassured.internal.ResponseSpecificationImpl.validateResponseIfRequired(ResponseSpecificationImpl.groovy:714)
at org.codehaus.groovy.vmplugin.v8.IndyInterface.fromCache(IndyInterface.java:344)
at io.restassured.internal.ResponseSpecificationImpl.statusCode(ResponseSpecificationImpl.groovy:139)
at org.codehaus.groovy.vmplugin.v8.IndyInterface.fromCache(IndyInterface.java:344)
at io.restassured.internal.ResponseSpecificationImpl.statusCode(ResponseSpecificationImpl.groovy:147)
at io.restassured.internal.ValidatableResponseOptionsImpl.statusCode(ValidatableResponseOptionsImpl.java:89)
at stepDefinitions.BatchStepDef.admin_receives_expected_status_code_from_excel_validate_post_batch_response(BatchStepDef.java:137)
at ✽.Admin receives expected status code from excel, validate POST batch response(file:///C:/Users/saphi/eclipse-workspace/Team03_RestfulNinjas_LMS_Hackathon/src/test/resources/features/TC03_Batch.feature:12)
]]>
            </full-stacktrace>
          </exception> <!-- java.lang.AssertionError -->
          <reporter-output>
          </reporter-output>
        </test-method> <!-- runScenario -->
        <test-method signature="runScenario(io.cucumber.testng.PickleWrapper,io.cucumber.testng.FeatureWrapper)[pri:0, instance:runner.TestRunner@55b0dcab]" started-at="2026-05-04T23:09:41 PDT" name="runScenario" description="Runs Cucumber Scenarios" data-provider="scenarios" finished-at="2026-05-04T23:09:41 PDT" duration-ms="511" status="PASS">
          <params>
            <param index="0">
              <value>
                <![CDATA["Verify POST Batch creation "Status_Random_Chars""]]>
              </value>
            </param>
            <param index="1">
              <value>
                <![CDATA["Validate Batch Module"]]>
              </value>
            </param>
          </params>
          <reporter-output>
          </reporter-output>
        </test-method> <!-- runScenario -->
        <test-method signature="runScenario(io.cucumber.testng.PickleWrapper,io.cucumber.testng.FeatureWrapper)[pri:0, instance:runner.TestRunner@55b0dcab]" started-at="2026-05-04T23:09:41 PDT" name="runScenario" description="Runs Cucumber Scenarios" data-provider="scenarios" finished-at="2026-05-04T23:09:42 PDT" duration-ms="499" status="PASS">
          <params>
            <param index="0">
              <value>
                <![CDATA["Verify POST Batch creation "Status_Numbers""]]>
              </value>
            </param>
            <param index="1">
              <value>
                <![CDATA["Validate Batch Module"]]>
              </value>
            </param>
          </params>
          <reporter-output>
          </reporter-output>
        </test-method> <!-- runScenario -->
        <test-method signature="runScenario(io.cucumber.testng.PickleWrapper,io.cucumber.testng.FeatureWrapper)[pri:0, instance:runner.TestRunner@55b0dcab]" started-at="2026-05-04T23:09:42 PDT" name="runScenario" description="Runs Cucumber Scenarios" data-provider="scenarios" finished-at="2026-05-04T23:09:42 PDT" duration-ms="478" status="PASS">
          <params>
            <param index="0">
              <value>
                <![CDATA["Verify POST Batch creation "Status_Special""]]>
              </value>
            </param>
            <param index="1">
              <value>
                <![CDATA["Validate Batch Module"]]>
              </value>
            </param>
          </params>
          <reporter-output>
          </reporter-output>
        </test-method> <!-- runScenario -->
        <test-method signature="runScenario(io.cucumber.testng.PickleWrapper,io.cucumber.testng.FeatureWrapper)[pri:0, instance:runner.TestRunner@55b0dcab]" started-at="2026-05-04T23:09:42 PDT" name="runScenario" description="Runs Cucumber Scenarios" data-provider="scenarios" finished-at="2026-05-04T23:09:43 PDT" duration-ms="483" status="PASS">
          <params>
            <param index="0">
              <value>
                <![CDATA["Verify POST Batch creation "Classes_NonNumeric""]]>
              </value>
            </param>
            <param index="1">
              <value>
                <![CDATA["Validate Batch Module"]]>
              </value>
            </param>
          </params>
          <reporter-output>
          </reporter-output>
        </test-method> <!-- runScenario -->
        <test-method signature="runScenario(io.cucumber.testng.PickleWrapper,io.cucumber.testng.FeatureWrapper)[pri:0, instance:runner.TestRunner@55b0dcab]" started-at="2026-05-04T23:09:43 PDT" name="runScenario" description="Runs Cucumber Scenarios" data-provider="scenarios" finished-at="2026-05-04T23:09:43 PDT" duration-ms="542" status="PASS">
          <params>
            <param index="0">
              <value>
                <![CDATA["Verify POST Batch creation "Classes_Too_Small""]]>
              </value>
            </param>
            <param index="1">
              <value>
                <![CDATA["Validate Batch Module"]]>
              </value>
            </param>
          </params>
          <reporter-output>
          </reporter-output>
        </test-method> <!-- runScenario -->
        <test-method signature="runScenario(io.cucumber.testng.PickleWrapper,io.cucumber.testng.FeatureWrapper)[pri:0, instance:runner.TestRunner@55b0dcab]" started-at="2026-05-04T23:09:43 PDT" name="runScenario" description="Runs Cucumber Scenarios" data-provider="scenarios" finished-at="2026-05-04T23:09:44 PDT" duration-ms="566" status="PASS">
          <params>
            <param index="0">
              <value>
                <![CDATA["Verify POST Batch creation "Classes_Too_Large""]]>
              </value>
            </param>
            <param index="1">
              <value>
                <![CDATA["Validate Batch Module"]]>
              </value>
            </param>
          </params>
          <reporter-output>
          </reporter-output>
        </test-method> <!-- runScenario -->
        <test-method signature="runScenario(io.cucumber.testng.PickleWrapper,io.cucumber.testng.FeatureWrapper)[pri:0, instance:runner.TestRunner@55b0dcab]" started-at="2026-05-04T23:09:44 PDT" name="runScenario" description="Runs Cucumber Scenarios" data-provider="scenarios" finished-at="2026-05-04T23:09:44 PDT" duration-ms="492" status="PASS">
          <params>
            <param index="0">
              <value>
                <![CDATA["Verify POST Batch creation "Invalid_Endpoint""]]>
              </value>
            </param>
            <param index="1">
              <value>
                <![CDATA["Validate Batch Module"]]>
              </value>
            </param>
          </params>
          <reporter-output>
          </reporter-output>
        </test-method> <!-- runScenario -->
        <test-method signature="runScenario(io.cucumber.testng.PickleWrapper,io.cucumber.testng.FeatureWrapper)[pri:0, instance:runner.TestRunner@55b0dcab]" started-at="2026-05-04T23:09:44 PDT" name="runScenario" description="Runs Cucumber Scenarios" data-provider="scenarios" finished-at="2026-05-04T23:09:45 PDT" duration-ms="640" status="PASS">
          <params>
            <param index="0">
              <value>
                <![CDATA["Verify POST Batch creation "Invalid_Method""]]>
              </value>
            </param>
            <param index="1">
              <value>
                <![CDATA["Validate Batch Module"]]>
              </value>
            </param>
          </params>
          <reporter-output>
          </reporter-output>
        </test-method> <!-- runScenario -->
        <test-method signature="runScenario(io.cucumber.testng.PickleWrapper,io.cucumber.testng.FeatureWrapper)[pri:0, instance:runner.TestRunner@55b0dcab]" started-at="2026-05-04T23:09:45 PDT" name="runScenario" description="Runs Cucumber Scenarios" data-provider="scenarios" finished-at="2026-05-04T23:09:46 PDT" duration-ms="559" status="PASS">
          <params>
            <param index="0">
              <value>
                <![CDATA["Verify POST Batch creation "Invalid_ContentType""]]>
              </value>
            </param>
            <param index="1">
              <value>
                <![CDATA["Validate Batch Module"]]>
              </value>
            </param>
          </params>
          <reporter-output>
          </reporter-output>
        </test-method> <!-- runScenario -->
        <test-method signature="runScenario(io.cucumber.testng.PickleWrapper,io.cucumber.testng.FeatureWrapper)[pri:0, instance:runner.TestRunner@55b0dcab]" started-at="2026-05-04T23:09:46 PDT" name="runScenario" description="Runs Cucumber Scenarios" data-provider="scenarios" finished-at="2026-05-04T23:09:46 PDT" duration-ms="501" status="PASS">
          <params>
            <param index="0">
              <value>
                <![CDATA["Verify POST Batch creation "No_Authorization""]]>
              </value>
            </param>
            <param index="1">
              <value>
                <![CDATA["Validate Batch Module"]]>
              </value>
            </param>
          </params>
          <reporter-output>
          </reporter-output>
        </test-method> <!-- runScenario -->
        <test-method signature="runScenario(io.cucumber.testng.PickleWrapper,io.cucumber.testng.FeatureWrapper)[pri:0, instance:runner.TestRunner@55b0dcab]" started-at="2026-05-04T23:09:46 PDT" name="runScenario" description="Runs Cucumber Scenarios" data-provider="scenarios" finished-at="2026-05-04T23:09:47 PDT" duration-ms="1051" status="PASS">
          <params>
            <param index="0">
              <value>
                <![CDATA["Verify GET all batches "Get_All_Valid""]]>
              </value>
            </param>
            <param index="1">
              <value>
                <![CDATA["Validate Batch Module"]]>
              </value>
            </param>
          </params>
          <reporter-output>
          </reporter-output>
        </test-method> <!-- runScenario -->
        <test-method signature="runScenario(io.cucumber.testng.PickleWrapper,io.cucumber.testng.FeatureWrapper)[pri:0, instance:runner.TestRunner@55b0dcab]" started-at="2026-05-04T23:09:47 PDT" name="runScenario" description="Runs Cucumber Scenarios" data-provider="scenarios" finished-at="2026-05-04T23:09:48 PDT" duration-ms="471" status="PASS">
          <params>
            <param index="0">
              <value>
                <![CDATA["Verify GET all batches "Get_All_Invalid_EP""]]>
              </value>
            </param>
            <param index="1">
              <value>
                <![CDATA["Validate Batch Module"]]>
              </value>
            </param>
          </params>
          <reporter-output>
          </reporter-output>
        </test-method> <!-- runScenario -->
        <test-method signature="runScenario(io.cucumber.testng.PickleWrapper,io.cucumber.testng.FeatureWrapper)[pri:0, instance:runner.TestRunner@55b0dcab]" started-at="2026-05-04T23:09:48 PDT" name="runScenario" description="Runs Cucumber Scenarios" data-provider="scenarios" finished-at="2026-05-04T23:09:49 PDT" duration-ms="1089" status="FAIL">
          <params>
            <param index="0">
              <value>
                <![CDATA["Verify GET all batches "Get_All_Invalid_ContentType""]]>
              </value>
            </param>
            <param index="1">
              <value>
                <![CDATA["Validate Batch Module"]]>
              </value>
            </param>
          </params>
          <exception class="java.lang.AssertionError">
            <message>
              <![CDATA[1 expectation failed.
Expected status code <415> but was <200>.
]]>
            </message>
            <full-stacktrace>
              <![CDATA[java.lang.AssertionError: 1 expectation failed.
Expected status code <415> but was <200>.

at org.codehaus.groovy.vmplugin.v8.IndyInterface.fromCache(IndyInterface.java:344)
at io.restassured.internal.ResponseSpecificationImpl$HamcrestAssertionClosure.validate(ResponseSpecificationImpl.groovy:516)
at org.codehaus.groovy.vmplugin.v8.IndyInterface.fromCache(IndyInterface.java:344)
at io.restassured.internal.ResponseSpecificationImpl.validateResponseIfRequired(ResponseSpecificationImpl.groovy:714)
at org.codehaus.groovy.vmplugin.v8.IndyInterface.fromCache(IndyInterface.java:344)
at io.restassured.internal.ResponseSpecificationImpl.statusCode(ResponseSpecificationImpl.groovy:139)
at org.codehaus.groovy.vmplugin.v8.IndyInterface.fromCache(IndyInterface.java:344)
at io.restassured.internal.ResponseSpecificationImpl.statusCode(ResponseSpecificationImpl.groovy:147)
at io.restassured.internal.ValidatableResponseOptionsImpl.statusCode(ValidatableResponseOptionsImpl.java:89)
at stepDefinitions.BatchStepDef.admin_receives_expected_status_code_from_excel(BatchStepDef.java:186)
at ✽.Admin receives expected status code from Excel(file:///C:/Users/saphi/eclipse-workspace/Team03_RestfulNinjas_LMS_Hackathon/src/test/resources/features/TC03_Batch.feature:47)
]]>
            </full-stacktrace>
          </exception> <!-- java.lang.AssertionError -->
          <reporter-output>
          </reporter-output>
        </test-method> <!-- runScenario -->
        <test-method signature="runScenario(io.cucumber.testng.PickleWrapper,io.cucumber.testng.FeatureWrapper)[pri:0, instance:runner.TestRunner@55b0dcab]" started-at="2026-05-04T23:09:49 PDT" name="runScenario" description="Runs Cucumber Scenarios" data-provider="scenarios" finished-at="2026-05-04T23:09:49 PDT" duration-ms="444" status="PASS">
          <params>
            <param index="0">
              <value>
                <![CDATA["Verify GET all batches "Get_All_No_Auth""]]>
              </value>
            </param>
            <param index="1">
              <value>
                <![CDATA["Validate Batch Module"]]>
              </value>
            </param>
          </params>
          <reporter-output>
          </reporter-output>
        </test-method> <!-- runScenario -->
        <test-method signature="runScenario(io.cucumber.testng.PickleWrapper,io.cucumber.testng.FeatureWrapper)[pri:0, instance:runner.TestRunner@55b0dcab]" started-at="2026-05-04T23:09:49 PDT" name="runScenario" description="Runs Cucumber Scenarios" data-provider="scenarios" finished-at="2026-05-04T23:09:50 PDT" duration-ms="476" status="PASS">
          <params>
            <param index="0">
              <value>
                <![CDATA["Verify GET all batches "Get_All_Invalid_Method""]]>
              </value>
            </param>
            <param index="1">
              <value>
                <![CDATA["Validate Batch Module"]]>
              </value>
            </param>
          </params>
          <reporter-output>
          </reporter-output>
        </test-method> <!-- runScenario -->
        <test-method is-config="true" signature="tearDownClass()[pri:0, instance:runner.TestRunner@55b0dcab]" started-at="2026-05-04T23:09:50 PDT" name="tearDownClass" finished-at="2026-05-04T23:09:50 PDT" duration-ms="24" status="PASS">
          <reporter-output>
          </reporter-output>
        </test-method> <!-- tearDownClass -->
      </class> <!-- runner.TestRunner -->
    </test> <!-- Default test -->
  </suite> <!-- Default suite -->
</testng-results>
