<?xml version="1.0" encoding="UTF-8"?>
<!-- Generated by org.testng.reporters.JUnitReportReporter -->
<testsuite hostname="Satya_Sep20" failures="3" tests="54" name="runner.TestRunner" time="31.596" errors="0" timestamp="2026-05-04T01:51:56 PDT" skipped="0">
  <testcase classname="runner.TestRunner" name="runScenario" time="0.482"/>
  <testcase classname="runner.TestRunner" name="runScenario" time="0.519"/>
  <testcase classname="runner.TestRunner" name="runScenario" time="0.478"/>
  <testcase classname="runner.TestRunner" name="runScenario" time="1.676"/>
  <testcase classname="runner.TestRunner" name="runScenario" time="0.492"/>
  <testcase classname="runner.TestRunner" name="runScenario" time="0.483"/>
  <testcase classname="runner.TestRunner" name="runScenario" time="0.608"/>
  <testcase classname="runner.TestRunner" name="runScenario" time="0.483"/>
  <testcase classname="runner.TestRunner" name="runScenario" time="3.464"/>
  <testcase classname="runner.TestRunner" name="runScenario" time="0.482"/>
  <testcase classname="runner.TestRunner" name="runScenario" time="0.466"/>
  <testcase classname="runner.TestRunner" name="runScenario" time="0.482"/>
  <testcase classname="runner.TestRunner" name="runScenario" time="0.450"/>
  <testcase classname="runner.TestRunner" name="runScenario" time="0.471"/>
  <testcase classname="runner.TestRunner" name="runScenario" time="0.488"/>
  <testcase classname="runner.TestRunner" name="runScenario" time="0.509">
    <failure message="1 expectation failed.
Expected status code &lt;400&gt; but was &lt;201&gt;.
" type="java.lang.AssertionError">
      <![CDATA[java.lang.AssertionError: 1 expectation failed.
Expected status code <400> but was <201>.

at org.codehaus.groovy.vmplugin.v8.IndyInterface.fromCache(IndyInterface.java:344)
at io.restassured.internal.ResponseSpecificationImpl$HamcrestAssertionClosure.validate(ResponseSpecificationImpl.groovy:516)
at org.codehaus.groovy.vmplugin.v8.IndyInterface.fromCache(IndyInterface.java:344)
at io.restassured.internal.ResponseSpecificationImpl.validateResponseIfRequired(ResponseSpecificationImpl.groovy:714)
at org.codehaus.groovy.vmplugin.v8.IndyInterface.fromCache(IndyInterface.java:344)
at io.restassured.internal.ResponseSpecificationImpl.statusCode(ResponseSpecificationImpl.groovy:139)
at org.codehaus.groovy.vmplugin.v8.IndyInterface.fromCache(IndyInterface.java:344)
at io.restassured.internal.ResponseSpecificationImpl.statusCode(ResponseSpecificationImpl.groovy:147)
at io.restassured.internal.ValidatableResponseOptionsImpl.statusCode(ValidatableResponseOptionsImpl.java:89)
at stepDefinitions.BatchStepDef.admin_receives_expected_status_code_from_excel_validate_post_batch_response(BatchStepDef.java:288)
at ✽.Admin receives expected status code from excel, validate POST batch response(file:///C:/Users/saphi/eclipse-workspace/Team03_RestfulNinjas_LMS_Hackathon/src/test/resources/features/TC03_Batch.feature:10)
]]>
    </failure>
  </testcase> <!-- runScenario -->
  <testcase classname="runner.TestRunner" name="runScenario" time="0.485"/>
  <testcase classname="runner.TestRunner" name="runScenario" time="0.578">
    <failure message="1 expectation failed.
Expected status code &lt;400&gt; but was &lt;201&gt;.
" type="java.lang.AssertionError">
      <![CDATA[java.lang.AssertionError: 1 expectation failed.
Expected status code <400> but was <201>.

at org.codehaus.groovy.vmplugin.v8.IndyInterface.fromCache(IndyInterface.java:344)
at io.restassured.internal.ResponseSpecificationImpl$HamcrestAssertionClosure.validate(ResponseSpecificationImpl.groovy:516)
at org.codehaus.groovy.vmplugin.v8.IndyInterface.fromCache(IndyInterface.java:344)
at io.restassured.internal.ResponseSpecificationImpl.validateResponseIfRequired(ResponseSpecificationImpl.groovy:714)
at org.codehaus.groovy.vmplugin.v8.IndyInterface.fromCache(IndyInterface.java:344)
at io.restassured.internal.ResponseSpecificationImpl.statusCode(ResponseSpecificationImpl.groovy:139)
at org.codehaus.groovy.vmplugin.v8.IndyInterface.fromCache(IndyInterface.java:344)
at io.restassured.internal.ResponseSpecificationImpl.statusCode(ResponseSpecificationImpl.groovy:147)
at io.restassured.internal.ValidatableResponseOptionsImpl.statusCode(ValidatableResponseOptionsImpl.java:89)
at stepDefinitions.BatchStepDef.admin_receives_expected_status_code_from_excel_validate_post_batch_response(BatchStepDef.java:288)
at ✽.Admin receives expected status code from excel, validate POST batch response(file:///C:/Users/saphi/eclipse-workspace/Team03_RestfulNinjas_LMS_Hackathon/src/test/resources/features/TC03_Batch.feature:10)
]]>
    </failure>
  </testcase> <!-- runScenario -->
  <testcase classname="runner.TestRunner" name="runScenario" time="0.485"/>
  <testcase classname="runner.TestRunner" name="runScenario" time="0.467"/>
  <testcase classname="runner.TestRunner" name="runScenario" time="0.461"/>
  <testcase classname="runner.TestRunner" name="runScenario" time="0.586"/>
  <testcase classname="runner.TestRunner" name="runScenario" time="0.521"/>
  <testcase classname="runner.TestRunner" name="runScenario" time="0.520"/>
  <testcase classname="runner.TestRunner" name="runScenario" time="0.532"/>
  <testcase classname="runner.TestRunner" name="runScenario" time="0.463"/>
  <testcase classname="runner.TestRunner" name="runScenario" time="0.486"/>
  <testcase classname="runner.TestRunner" name="runScenario" time="0.509"/>
  <testcase classname="runner.TestRunner" name="runScenario" time="0.528"/>
  <testcase classname="runner.TestRunner" name="runScenario" time="0.489"/>
  <testcase classname="runner.TestRunner" name="runScenario" time="0.461"/>
  <testcase classname="runner.TestRunner" name="runScenario" time="0.512"/>
  <testcase classname="runner.TestRunner" name="runScenario" time="0.526"/>
  <testcase classname="runner.TestRunner" name="runScenario" time="0.480"/>
  <testcase classname="runner.TestRunner" name="runScenario" time="0.474"/>
  <testcase classname="runner.TestRunner" name="runScenario" time="0.497"/>
  <testcase classname="runner.TestRunner" name="runScenario" time="0.624"/>
  <testcase classname="runner.TestRunner" name="runScenario" time="0.549"/>
  <testcase classname="runner.TestRunner" name="runScenario" time="0.485"/>
  <testcase classname="runner.TestRunner" name="runScenario" time="0.470"/>
  <testcase classname="runner.TestRunner" name="runScenario" time="0.489"/>
  <testcase classname="runner.TestRunner" name="runScenario" time="0.486">
    <failure message="1 expectation failed.
Expected status code &lt;400&gt; but was &lt;201&gt;.
" type="java.lang.AssertionError">
      <![CDATA[java.lang.AssertionError: 1 expectation failed.
Expected status code <400> but was <201>.

at org.codehaus.groovy.vmplugin.v8.IndyInterface.fromCache(IndyInterface.java:344)
at io.restassured.internal.ResponseSpecificationImpl$HamcrestAssertionClosure.validate(ResponseSpecificationImpl.groovy:516)
at org.codehaus.groovy.vmplugin.v8.IndyInterface.fromCache(IndyInterface.java:344)
at io.restassured.internal.ResponseSpecificationImpl.validateResponseIfRequired(ResponseSpecificationImpl.groovy:714)
at org.codehaus.groovy.vmplugin.v8.IndyInterface.fromCache(IndyInterface.java:344)
at io.restassured.internal.ResponseSpecificationImpl.statusCode(ResponseSpecificationImpl.groovy:139)
at org.codehaus.groovy.vmplugin.v8.IndyInterface.fromCache(IndyInterface.java:344)
at io.restassured.internal.ResponseSpecificationImpl.statusCode(ResponseSpecificationImpl.groovy:147)
at io.restassured.internal.ValidatableResponseOptionsImpl.statusCode(ValidatableResponseOptionsImpl.java:89)
at stepDefinitions.BatchStepDef.admin_receives_expected_status_code_from_excel_validate_post_batch_response(BatchStepDef.java:288)
at ✽.Admin receives expected status code from excel, validate POST batch response(file:///C:/Users/saphi/eclipse-workspace/Team03_RestfulNinjas_LMS_Hackathon/src/test/resources/features/TC03_Batch.feature:10)
]]>
    </failure>
  </testcase> <!-- runScenario -->
  <testcase classname="runner.TestRunner" name="runScenario" time="0.444"/>
  <testcase classname="runner.TestRunner" name="runScenario" time="0.502"/>
  <testcase classname="runner.TestRunner" name="runScenario" time="0.537"/>
  <testcase classname="runner.TestRunner" name="runScenario" time="0.984"/>
  <testcase classname="runner.TestRunner" name="runScenario" time="0.493"/>
  <testcase classname="runner.TestRunner" name="runScenario" time="0.478"/>
  <testcase classname="runner.TestRunner" name="runScenario" time="0.512"/>
  <testcase classname="runner.TestRunner" name="runScenario" time="0.484"/>
  <testcase classname="runner.TestRunner" name="runScenario" time="0.502"/>
  <testcase classname="runner.TestRunner" name="runScenario" time="0.472"/>
  <testcase classname="runner.TestRunner" name="runScenario" time="0.497"/>
  <testcase classname="runner.TestRunner" name="runScenario" time="0.495"/>
</testsuite> <!-- runner.TestRunner -->
