<?xml version="1.0" encoding="UTF-8"?>
<!-- Generated by org.testng.reporters.JUnitReportReporter -->
<testsuite hostname="Satya_Sep20" failures="1" tests="30" name="runner.TestRunner" time="21.120" errors="0" timestamp="2026-05-02T22:49:23 PDT" skipped="0">
  <testcase classname="runner.TestRunner" name="runScenario" time="0.521"/>
  <testcase classname="runner.TestRunner" name="runScenario" time="1.236"/>
  <testcase classname="runner.TestRunner" name="runScenario" time="0.550"/>
  <testcase classname="runner.TestRunner" name="runScenario" time="0.517"/>
  <testcase classname="runner.TestRunner" name="runScenario" time="0.507"/>
  <testcase classname="runner.TestRunner" name="runScenario" time="1.525"/>
  <testcase classname="runner.TestRunner" name="runScenario" time="0.566"/>
  <testcase classname="runner.TestRunner" name="runScenario" time="0.522">
    <failure message="
Expected to find: [password must contain atleast 8 to max 32 characters, a capital letter, a small letter, a special character, a number and no space] 
But returned: [{&quot;password&quot;:&quot;Password is mandatory&quot;,&quot;userLoginEmailId&quot;:&quot;EmailId is mandatory&quot;}] expected [true] but found [false]" type="java.lang.AssertionError">
      <![CDATA[java.lang.AssertionError: 
Expected to find: [password must contain atleast 8 to max 32 characters, a capital letter, a small letter, a special character, a number and no space] 
But returned: [{"password":"Password is mandatory","userLoginEmailId":"EmailId is mandatory"}] expected [true] but found [false]
at org.testng.Assert.fail(Assert.java:111)
at org.testng.Assert.failNotEquals(Assert.java:1590)
at org.testng.Assert.assertTrue(Assert.java:57)
at stepDefinitions.LoginStepDef.the_response_should_match_the_expected_validation_message_from_excel(LoginStepDef.java:111)
at ✽.the response should match the expected validation message from Excel(file:///C:/Users/saphi/eclipse-workspace/Team03_RestfulNinjas_LMS_Hackathon/src/test/resources/features/TC01_Login.feature:9)
]]>
    </failure>
  </testcase> <!-- runScenario -->
  <testcase classname="runner.TestRunner" name="runScenario" time="3.485"/>
  <testcase classname="runner.TestRunner" name="runScenario" time="0.564"/>
  <testcase classname="runner.TestRunner" name="runScenario" time="0.733"/>
  <testcase classname="runner.TestRunner" name="runScenario" time="0.482"/>
  <testcase classname="runner.TestRunner" name="runScenario" time="0.502"/>
  <testcase classname="runner.TestRunner" name="runScenario" time="0.562"/>
  <testcase classname="runner.TestRunner" name="runScenario" time="0.457"/>
  <testcase classname="runner.TestRunner" name="runScenario" time="0.483"/>
  <testcase classname="runner.TestRunner" name="runScenario" time="0.506"/>
  <testcase classname="runner.TestRunner" name="runScenario" time="0.476"/>
  <testcase classname="runner.TestRunner" name="runScenario" time="0.547"/>
  <testcase classname="runner.TestRunner" name="runScenario" time="0.526"/>
  <testcase classname="runner.TestRunner" name="runScenario" time="0.567"/>
  <testcase classname="runner.TestRunner" name="runScenario" time="1.009"/>
  <testcase classname="runner.TestRunner" name="runScenario" time="0.474"/>
  <testcase classname="runner.TestRunner" name="runScenario" time="0.546"/>
  <testcase classname="runner.TestRunner" name="runScenario" time="0.469"/>
  <testcase classname="runner.TestRunner" name="runScenario" time="0.589"/>
  <testcase classname="runner.TestRunner" name="runScenario" time="0.582"/>
  <testcase classname="runner.TestRunner" name="runScenario" time="0.609"/>
  <testcase classname="runner.TestRunner" name="runScenario" time="0.464"/>
  <testcase classname="runner.TestRunner" name="runScenario" time="0.544"/>
</testsuite> <!-- runner.TestRunner -->
